{"C:\\Users\\Kazom\\Documents\\andela-21\\sweet-spicy\\server\\test\\test.js":{"path":"C:\\Users\\Kazom\\Documents\\andela-21\\sweet-spicy\\server\\test\\test.js","statementMap":{"0":{"start":{"line":3,"column":13},"end":{"line":3,"column":32}},"1":{"start":{"line":5,"column":14},"end":{"line":5,"column":44}},"2":{"start":{"line":7,"column":12},"end":{"line":7,"column":27}},"3":{"start":{"line":9,"column":13},"end":{"line":9,"column":42}},"4":{"start":{"line":11,"column":16},"end":{"line":11,"column":36}},"5":{"start":{"line":13,"column":17},"end":{"line":13,"column":50}},"6":{"start":{"line":15,"column":10},"end":{"line":15,"column":23}},"7":{"start":{"line":17,"column":11},"end":{"line":17,"column":38}},"8":{"start":{"line":19,"column":12},"end":{"line":19,"column":27}},"9":{"start":{"line":21,"column":13},"end":{"line":21,"column":42}},"10":{"start":{"line":23,"column":17},"end":{"line":23,"column":37}},"11":{"start":{"line":25,"column":18},"end":{"line":25,"column":52}},"12":{"start":{"line":27,"column":39},"end":{"line":27,"column":93}},"13":{"start":{"line":29,"column":13},"end":{"line":29,"column":36}},"14":{"start":{"line":30,"column":13},"end":{"line":30,"column":34}},"15":{"start":{"line":31,"column":0},"end":{"line":31,"column":39}},"16":{"start":{"line":33,"column":12},"end":{"line":33,"column":257}},"17":{"start":{"line":35,"column":11},"end":{"line":38,"column":1}},"18":{"start":{"line":39,"column":12},"end":{"line":41,"column":1}},"19":{"start":{"line":42,"column":16},"end":{"line":63,"column":1}},"20":{"start":{"line":64,"column":14},"end":{"line":74,"column":1}},"21":{"start":{"line":75,"column":17},"end":{"line":81,"column":1}},"22":{"start":{"line":82,"column":15},"end":{"line":82,"column":28}},"23":{"start":{"line":83,"column":0},"end":{"line":501,"column":3}},"24":{"start":{"line":84,"column":16},"end":{"line":84,"column":20}},"25":{"start":{"line":86,"column":4},"end":{"line":132,"column":7}},"26":{"start":{"line":87,"column":8},"end":{"line":87,"column":28}},"27":{"start":{"line":88,"column":8},"end":{"line":94,"column":11}},"28":{"start":{"line":89,"column":12},"end":{"line":93,"column":15}},"29":{"start":{"line":91,"column":16},"end":{"line":91,"column":48}},"30":{"start":{"line":92,"column":16},"end":{"line":92,"column":23}},"31":{"start":{"line":95,"column":8},"end":{"line":100,"column":11}},"32":{"start":{"line":96,"column":12},"end":{"line":99,"column":15}},"33":{"start":{"line":97,"column":16},"end":{"line":97,"column":47}},"34":{"start":{"line":98,"column":16},"end":{"line":98,"column":23}},"35":{"start":{"line":101,"column":8},"end":{"line":106,"column":11}},"36":{"start":{"line":102,"column":12},"end":{"line":105,"column":15}},"37":{"start":{"line":103,"column":16},"end":{"line":103,"column":46}},"38":{"start":{"line":104,"column":16},"end":{"line":104,"column":23}},"39":{"start":{"line":107,"column":8},"end":{"line":112,"column":11}},"40":{"start":{"line":108,"column":12},"end":{"line":111,"column":15}},"41":{"start":{"line":109,"column":16},"end":{"line":109,"column":61}},"42":{"start":{"line":110,"column":16},"end":{"line":110,"column":23}},"43":{"start":{"line":113,"column":8},"end":{"line":118,"column":11}},"44":{"start":{"line":114,"column":12},"end":{"line":117,"column":15}},"45":{"start":{"line":115,"column":16},"end":{"line":115,"column":74}},"46":{"start":{"line":116,"column":16},"end":{"line":116,"column":23}},"47":{"start":{"line":119,"column":8},"end":{"line":124,"column":11}},"48":{"start":{"line":120,"column":12},"end":{"line":123,"column":15}},"49":{"start":{"line":121,"column":16},"end":{"line":121,"column":59}},"50":{"start":{"line":122,"column":16},"end":{"line":122,"column":23}},"51":{"start":{"line":125,"column":8},"end":{"line":131,"column":11}},"52":{"start":{"line":126,"column":12},"end":{"line":130,"column":15}},"53":{"start":{"line":128,"column":16},"end":{"line":128,"column":58}},"54":{"start":{"line":129,"column":16},"end":{"line":129,"column":23}},"55":{"start":{"line":133,"column":4},"end":{"line":153,"column":7}},"56":{"start":{"line":134,"column":8},"end":{"line":134,"column":28}},"57":{"start":{"line":135,"column":8},"end":{"line":140,"column":11}},"58":{"start":{"line":136,"column":12},"end":{"line":139,"column":15}},"59":{"start":{"line":137,"column":16},"end":{"line":137,"column":47}},"60":{"start":{"line":138,"column":16},"end":{"line":138,"column":23}},"61":{"start":{"line":141,"column":8},"end":{"line":146,"column":11}},"62":{"start":{"line":142,"column":12},"end":{"line":145,"column":15}},"63":{"start":{"line":143,"column":16},"end":{"line":143,"column":46}},"64":{"start":{"line":144,"column":16},"end":{"line":144,"column":23}},"65":{"start":{"line":147,"column":8},"end":{"line":152,"column":11}},"66":{"start":{"line":148,"column":12},"end":{"line":151,"column":15}},"67":{"start":{"line":149,"column":16},"end":{"line":149,"column":61}},"68":{"start":{"line":150,"column":16},"end":{"line":150,"column":23}},"69":{"start":{"line":154,"column":4},"end":{"line":174,"column":7}},"70":{"start":{"line":155,"column":8},"end":{"line":155,"column":28}},"71":{"start":{"line":156,"column":8},"end":{"line":161,"column":11}},"72":{"start":{"line":157,"column":12},"end":{"line":160,"column":15}},"73":{"start":{"line":158,"column":16},"end":{"line":158,"column":47}},"74":{"start":{"line":159,"column":16},"end":{"line":159,"column":23}},"75":{"start":{"line":162,"column":8},"end":{"line":167,"column":11}},"76":{"start":{"line":163,"column":12},"end":{"line":166,"column":15}},"77":{"start":{"line":164,"column":16},"end":{"line":164,"column":46}},"78":{"start":{"line":165,"column":16},"end":{"line":165,"column":23}},"79":{"start":{"line":168,"column":8},"end":{"line":173,"column":11}},"80":{"start":{"line":169,"column":12},"end":{"line":172,"column":15}},"81":{"start":{"line":170,"column":16},"end":{"line":170,"column":61}},"82":{"start":{"line":171,"column":16},"end":{"line":171,"column":23}},"83":{"start":{"line":175,"column":4},"end":{"line":237,"column":7}},"84":{"start":{"line":176,"column":8},"end":{"line":176,"column":28}},"85":{"start":{"line":177,"column":8},"end":{"line":182,"column":11}},"86":{"start":{"line":178,"column":12},"end":{"line":181,"column":15}},"87":{"start":{"line":179,"column":16},"end":{"line":179,"column":48}},"88":{"start":{"line":180,"column":16},"end":{"line":180,"column":23}},"89":{"start":{"line":183,"column":8},"end":{"line":188,"column":11}},"90":{"start":{"line":184,"column":12},"end":{"line":187,"column":15}},"91":{"start":{"line":185,"column":16},"end":{"line":185,"column":47}},"92":{"start":{"line":186,"column":16},"end":{"line":186,"column":23}},"93":{"start":{"line":189,"column":8},"end":{"line":194,"column":11}},"94":{"start":{"line":190,"column":12},"end":{"line":193,"column":15}},"95":{"start":{"line":191,"column":16},"end":{"line":191,"column":46}},"96":{"start":{"line":192,"column":16},"end":{"line":192,"column":23}},"97":{"start":{"line":195,"column":8},"end":{"line":200,"column":11}},"98":{"start":{"line":196,"column":12},"end":{"line":199,"column":15}},"99":{"start":{"line":197,"column":16},"end":{"line":197,"column":61}},"100":{"start":{"line":198,"column":16},"end":{"line":198,"column":23}},"101":{"start":{"line":201,"column":8},"end":{"line":206,"column":11}},"102":{"start":{"line":202,"column":12},"end":{"line":205,"column":15}},"103":{"start":{"line":203,"column":16},"end":{"line":203,"column":54}},"104":{"start":{"line":204,"column":16},"end":{"line":204,"column":23}},"105":{"start":{"line":207,"column":8},"end":{"line":212,"column":11}},"106":{"start":{"line":208,"column":12},"end":{"line":211,"column":15}},"107":{"start":{"line":209,"column":16},"end":{"line":209,"column":59}},"108":{"start":{"line":210,"column":16},"end":{"line":210,"column":23}},"109":{"start":{"line":213,"column":8},"end":{"line":218,"column":11}},"110":{"start":{"line":214,"column":12},"end":{"line":217,"column":15}},"111":{"start":{"line":215,"column":16},"end":{"line":215,"column":60}},"112":{"start":{"line":216,"column":16},"end":{"line":216,"column":23}},"113":{"start":{"line":219,"column":8},"end":{"line":224,"column":11}},"114":{"start":{"line":220,"column":12},"end":{"line":223,"column":15}},"115":{"start":{"line":221,"column":16},"end":{"line":221,"column":58}},"116":{"start":{"line":222,"column":16},"end":{"line":222,"column":23}},"117":{"start":{"line":225,"column":8},"end":{"line":230,"column":11}},"118":{"start":{"line":226,"column":12},"end":{"line":229,"column":15}},"119":{"start":{"line":227,"column":16},"end":{"line":227,"column":51}},"120":{"start":{"line":228,"column":16},"end":{"line":228,"column":23}},"121":{"start":{"line":231,"column":8},"end":{"line":236,"column":11}},"122":{"start":{"line":232,"column":12},"end":{"line":235,"column":15}},"123":{"start":{"line":233,"column":16},"end":{"line":233,"column":62}},"124":{"start":{"line":234,"column":16},"end":{"line":234,"column":23}},"125":{"start":{"line":238,"column":4},"end":{"line":284,"column":7}},"126":{"start":{"line":239,"column":8},"end":{"line":239,"column":29}},"127":{"start":{"line":240,"column":8},"end":{"line":245,"column":11}},"128":{"start":{"line":241,"column":12},"end":{"line":244,"column":15}},"129":{"start":{"line":242,"column":16},"end":{"line":242,"column":47}},"130":{"start":{"line":243,"column":16},"end":{"line":243,"column":23}},"131":{"start":{"line":246,"column":8},"end":{"line":251,"column":11}},"132":{"start":{"line":247,"column":12},"end":{"line":250,"column":15}},"133":{"start":{"line":248,"column":16},"end":{"line":248,"column":61}},"134":{"start":{"line":249,"column":16},"end":{"line":249,"column":23}},"135":{"start":{"line":253,"column":8},"end":{"line":259,"column":11}},"136":{"start":{"line":254,"column":12},"end":{"line":258,"column":15}},"137":{"start":{"line":256,"column":16},"end":{"line":256,"column":48}},"138":{"start":{"line":257,"column":16},"end":{"line":257,"column":23}},"139":{"start":{"line":260,"column":8},"end":{"line":265,"column":11}},"140":{"start":{"line":261,"column":12},"end":{"line":264,"column":15}},"141":{"start":{"line":262,"column":16},"end":{"line":262,"column":59}},"142":{"start":{"line":263,"column":16},"end":{"line":263,"column":23}},"143":{"start":{"line":266,"column":8},"end":{"line":271,"column":11}},"144":{"start":{"line":267,"column":12},"end":{"line":270,"column":15}},"145":{"start":{"line":268,"column":16},"end":{"line":268,"column":60}},"146":{"start":{"line":269,"column":16},"end":{"line":269,"column":23}},"147":{"start":{"line":272,"column":8},"end":{"line":277,"column":11}},"148":{"start":{"line":273,"column":12},"end":{"line":276,"column":15}},"149":{"start":{"line":274,"column":16},"end":{"line":274,"column":62}},"150":{"start":{"line":275,"column":16},"end":{"line":275,"column":23}},"151":{"start":{"line":278,"column":8},"end":{"line":283,"column":11}},"152":{"start":{"line":279,"column":12},"end":{"line":282,"column":15}},"153":{"start":{"line":280,"column":16},"end":{"line":280,"column":63}},"154":{"start":{"line":281,"column":16},"end":{"line":281,"column":23}},"155":{"start":{"line":285,"column":4},"end":{"line":324,"column":7}},"156":{"start":{"line":286,"column":8},"end":{"line":286,"column":29}},"157":{"start":{"line":287,"column":8},"end":{"line":292,"column":11}},"158":{"start":{"line":288,"column":12},"end":{"line":291,"column":15}},"159":{"start":{"line":289,"column":16},"end":{"line":289,"column":47}},"160":{"start":{"line":290,"column":16},"end":{"line":290,"column":23}},"161":{"start":{"line":293,"column":8},"end":{"line":298,"column":11}},"162":{"start":{"line":294,"column":12},"end":{"line":297,"column":15}},"163":{"start":{"line":295,"column":16},"end":{"line":295,"column":61}},"164":{"start":{"line":296,"column":16},"end":{"line":296,"column":23}},"165":{"start":{"line":299,"column":8},"end":{"line":304,"column":11}},"166":{"start":{"line":300,"column":12},"end":{"line":303,"column":15}},"167":{"start":{"line":301,"column":16},"end":{"line":301,"column":74}},"168":{"start":{"line":302,"column":16},"end":{"line":302,"column":23}},"169":{"start":{"line":305,"column":8},"end":{"line":311,"column":11}},"170":{"start":{"line":306,"column":12},"end":{"line":310,"column":15}},"171":{"start":{"line":308,"column":16},"end":{"line":308,"column":48}},"172":{"start":{"line":309,"column":16},"end":{"line":309,"column":23}},"173":{"start":{"line":312,"column":8},"end":{"line":317,"column":11}},"174":{"start":{"line":313,"column":12},"end":{"line":316,"column":15}},"175":{"start":{"line":314,"column":16},"end":{"line":314,"column":58}},"176":{"start":{"line":315,"column":16},"end":{"line":315,"column":23}},"177":{"start":{"line":318,"column":8},"end":{"line":323,"column":11}},"178":{"start":{"line":319,"column":12},"end":{"line":322,"column":15}},"179":{"start":{"line":320,"column":16},"end":{"line":320,"column":56}},"180":{"start":{"line":321,"column":16},"end":{"line":321,"column":23}},"181":{"start":{"line":325,"column":4},"end":{"line":364,"column":7}},"182":{"start":{"line":326,"column":8},"end":{"line":326,"column":29}},"183":{"start":{"line":327,"column":8},"end":{"line":332,"column":11}},"184":{"start":{"line":328,"column":12},"end":{"line":331,"column":15}},"185":{"start":{"line":329,"column":16},"end":{"line":329,"column":47}},"186":{"start":{"line":330,"column":16},"end":{"line":330,"column":23}},"187":{"start":{"line":333,"column":8},"end":{"line":338,"column":11}},"188":{"start":{"line":334,"column":12},"end":{"line":337,"column":15}},"189":{"start":{"line":335,"column":16},"end":{"line":335,"column":61}},"190":{"start":{"line":336,"column":16},"end":{"line":336,"column":23}},"191":{"start":{"line":339,"column":8},"end":{"line":344,"column":11}},"192":{"start":{"line":340,"column":12},"end":{"line":343,"column":15}},"193":{"start":{"line":341,"column":16},"end":{"line":341,"column":74}},"194":{"start":{"line":342,"column":16},"end":{"line":342,"column":23}},"195":{"start":{"line":345,"column":8},"end":{"line":351,"column":11}},"196":{"start":{"line":346,"column":12},"end":{"line":350,"column":15}},"197":{"start":{"line":348,"column":16},"end":{"line":348,"column":48}},"198":{"start":{"line":349,"column":16},"end":{"line":349,"column":23}},"199":{"start":{"line":352,"column":8},"end":{"line":357,"column":11}},"200":{"start":{"line":353,"column":12},"end":{"line":356,"column":15}},"201":{"start":{"line":354,"column":16},"end":{"line":354,"column":59}},"202":{"start":{"line":355,"column":16},"end":{"line":355,"column":23}},"203":{"start":{"line":358,"column":8},"end":{"line":363,"column":11}},"204":{"start":{"line":359,"column":12},"end":{"line":362,"column":15}},"205":{"start":{"line":360,"column":16},"end":{"line":360,"column":57}},"206":{"start":{"line":361,"column":16},"end":{"line":361,"column":23}},"207":{"start":{"line":365,"column":4},"end":{"line":404,"column":7}},"208":{"start":{"line":366,"column":8},"end":{"line":366,"column":29}},"209":{"start":{"line":367,"column":8},"end":{"line":372,"column":11}},"210":{"start":{"line":368,"column":12},"end":{"line":371,"column":15}},"211":{"start":{"line":369,"column":16},"end":{"line":369,"column":47}},"212":{"start":{"line":370,"column":16},"end":{"line":370,"column":23}},"213":{"start":{"line":373,"column":8},"end":{"line":378,"column":11}},"214":{"start":{"line":374,"column":12},"end":{"line":377,"column":15}},"215":{"start":{"line":375,"column":16},"end":{"line":375,"column":61}},"216":{"start":{"line":376,"column":16},"end":{"line":376,"column":23}},"217":{"start":{"line":379,"column":8},"end":{"line":384,"column":11}},"218":{"start":{"line":380,"column":12},"end":{"line":383,"column":15}},"219":{"start":{"line":381,"column":16},"end":{"line":381,"column":74}},"220":{"start":{"line":382,"column":16},"end":{"line":382,"column":23}},"221":{"start":{"line":385,"column":8},"end":{"line":391,"column":11}},"222":{"start":{"line":386,"column":12},"end":{"line":390,"column":15}},"223":{"start":{"line":388,"column":16},"end":{"line":388,"column":48}},"224":{"start":{"line":389,"column":16},"end":{"line":389,"column":23}},"225":{"start":{"line":392,"column":8},"end":{"line":397,"column":11}},"226":{"start":{"line":393,"column":12},"end":{"line":396,"column":15}},"227":{"start":{"line":394,"column":16},"end":{"line":394,"column":60}},"228":{"start":{"line":395,"column":16},"end":{"line":395,"column":23}},"229":{"start":{"line":398,"column":8},"end":{"line":403,"column":11}},"230":{"start":{"line":399,"column":12},"end":{"line":402,"column":15}},"231":{"start":{"line":400,"column":16},"end":{"line":400,"column":58}},"232":{"start":{"line":401,"column":16},"end":{"line":401,"column":23}},"233":{"start":{"line":405,"column":4},"end":{"line":444,"column":7}},"234":{"start":{"line":406,"column":8},"end":{"line":406,"column":29}},"235":{"start":{"line":407,"column":8},"end":{"line":412,"column":11}},"236":{"start":{"line":408,"column":12},"end":{"line":411,"column":15}},"237":{"start":{"line":409,"column":16},"end":{"line":409,"column":47}},"238":{"start":{"line":410,"column":16},"end":{"line":410,"column":23}},"239":{"start":{"line":413,"column":8},"end":{"line":418,"column":11}},"240":{"start":{"line":414,"column":12},"end":{"line":417,"column":15}},"241":{"start":{"line":415,"column":16},"end":{"line":415,"column":61}},"242":{"start":{"line":416,"column":16},"end":{"line":416,"column":23}},"243":{"start":{"line":419,"column":8},"end":{"line":424,"column":11}},"244":{"start":{"line":420,"column":12},"end":{"line":423,"column":15}},"245":{"start":{"line":421,"column":16},"end":{"line":421,"column":74}},"246":{"start":{"line":422,"column":16},"end":{"line":422,"column":23}},"247":{"start":{"line":425,"column":8},"end":{"line":431,"column":11}},"248":{"start":{"line":426,"column":12},"end":{"line":430,"column":15}},"249":{"start":{"line":428,"column":16},"end":{"line":428,"column":48}},"250":{"start":{"line":429,"column":16},"end":{"line":429,"column":23}},"251":{"start":{"line":432,"column":8},"end":{"line":437,"column":11}},"252":{"start":{"line":433,"column":12},"end":{"line":436,"column":15}},"253":{"start":{"line":434,"column":16},"end":{"line":434,"column":60}},"254":{"start":{"line":435,"column":16},"end":{"line":435,"column":23}},"255":{"start":{"line":438,"column":8},"end":{"line":443,"column":11}},"256":{"start":{"line":439,"column":12},"end":{"line":442,"column":15}},"257":{"start":{"line":440,"column":16},"end":{"line":440,"column":58}},"258":{"start":{"line":441,"column":16},"end":{"line":441,"column":23}},"259":{"start":{"line":445,"column":4},"end":{"line":484,"column":7}},"260":{"start":{"line":446,"column":8},"end":{"line":446,"column":29}},"261":{"start":{"line":447,"column":8},"end":{"line":452,"column":11}},"262":{"start":{"line":448,"column":12},"end":{"line":451,"column":15}},"263":{"start":{"line":449,"column":16},"end":{"line":449,"column":47}},"264":{"start":{"line":450,"column":16},"end":{"line":450,"column":23}},"265":{"start":{"line":453,"column":8},"end":{"line":458,"column":11}},"266":{"start":{"line":454,"column":12},"end":{"line":457,"column":15}},"267":{"start":{"line":455,"column":16},"end":{"line":455,"column":61}},"268":{"start":{"line":456,"column":16},"end":{"line":456,"column":23}},"269":{"start":{"line":459,"column":8},"end":{"line":464,"column":11}},"270":{"start":{"line":460,"column":12},"end":{"line":463,"column":15}},"271":{"start":{"line":461,"column":16},"end":{"line":461,"column":74}},"272":{"start":{"line":462,"column":16},"end":{"line":462,"column":23}},"273":{"start":{"line":465,"column":8},"end":{"line":471,"column":11}},"274":{"start":{"line":466,"column":12},"end":{"line":470,"column":15}},"275":{"start":{"line":468,"column":16},"end":{"line":468,"column":48}},"276":{"start":{"line":469,"column":16},"end":{"line":469,"column":23}},"277":{"start":{"line":472,"column":8},"end":{"line":477,"column":11}},"278":{"start":{"line":473,"column":12},"end":{"line":476,"column":15}},"279":{"start":{"line":474,"column":16},"end":{"line":474,"column":59}},"280":{"start":{"line":475,"column":16},"end":{"line":475,"column":23}},"281":{"start":{"line":478,"column":8},"end":{"line":483,"column":11}},"282":{"start":{"line":479,"column":12},"end":{"line":482,"column":15}},"283":{"start":{"line":480,"column":16},"end":{"line":480,"column":58}},"284":{"start":{"line":481,"column":16},"end":{"line":481,"column":23}},"285":{"start":{"line":485,"column":4},"end":{"line":500,"column":7}},"286":{"start":{"line":486,"column":8},"end":{"line":486,"column":29}},"287":{"start":{"line":488,"column":8},"end":{"line":493,"column":11}},"288":{"start":{"line":489,"column":12},"end":{"line":492,"column":15}},"289":{"start":{"line":490,"column":16},"end":{"line":490,"column":47}},"290":{"start":{"line":491,"column":16},"end":{"line":491,"column":23}},"291":{"start":{"line":494,"column":8},"end":{"line":499,"column":11}},"292":{"start":{"line":495,"column":12},"end":{"line":498,"column":15}},"293":{"start":{"line":496,"column":16},"end":{"line":496,"column":61}},"294":{"start":{"line":497,"column":16},"end":{"line":497,"column":23}}},"fnMap":{"0":{"name":"_interopRequireDefault","decl":{"start":{"line":27,"column":9},"end":{"line":27,"column":31}},"loc":{"start":{"line":27,"column":37},"end":{"line":27,"column":95}},"line":27},"1":{"name":"(anonymous_1)","decl":{"start":{"line":83,"column":36},"end":{"line":83,"column":37}},"loc":{"start":{"line":83,"column":48},"end":{"line":501,"column":1}},"line":83},"2":{"name":"(anonymous_2)","decl":{"start":{"line":86,"column":48},"end":{"line":86,"column":49}},"loc":{"start":{"line":86,"column":60},"end":{"line":132,"column":5}},"line":86},"3":{"name":"(anonymous_3)","decl":{"start":{"line":88,"column":51},"end":{"line":88,"column":52}},"loc":{"start":{"line":88,"column":67},"end":{"line":94,"column":9}},"line":88},"4":{"name":"(anonymous_4)","decl":{"start":{"line":89,"column":133},"end":{"line":89,"column":134}},"loc":{"start":{"line":89,"column":153},"end":{"line":93,"column":13}},"line":89},"5":{"name":"(anonymous_5)","decl":{"start":{"line":95,"column":43},"end":{"line":95,"column":44}},"loc":{"start":{"line":95,"column":59},"end":{"line":100,"column":9}},"line":95},"6":{"name":"(anonymous_6)","decl":{"start":{"line":96,"column":133},"end":{"line":96,"column":134}},"loc":{"start":{"line":96,"column":153},"end":{"line":99,"column":13}},"line":96},"7":{"name":"(anonymous_7)","decl":{"start":{"line":101,"column":43},"end":{"line":101,"column":44}},"loc":{"start":{"line":101,"column":59},"end":{"line":106,"column":9}},"line":101},"8":{"name":"(anonymous_8)","decl":{"start":{"line":102,"column":133},"end":{"line":102,"column":134}},"loc":{"start":{"line":102,"column":153},"end":{"line":105,"column":13}},"line":102},"9":{"name":"(anonymous_9)","decl":{"start":{"line":107,"column":48},"end":{"line":107,"column":49}},"loc":{"start":{"line":107,"column":64},"end":{"line":112,"column":9}},"line":107},"10":{"name":"(anonymous_10)","decl":{"start":{"line":108,"column":133},"end":{"line":108,"column":134}},"loc":{"start":{"line":108,"column":153},"end":{"line":111,"column":13}},"line":108},"11":{"name":"(anonymous_11)","decl":{"start":{"line":113,"column":62},"end":{"line":113,"column":63}},"loc":{"start":{"line":113,"column":78},"end":{"line":118,"column":9}},"line":113},"12":{"name":"(anonymous_12)","decl":{"start":{"line":114,"column":133},"end":{"line":114,"column":134}},"loc":{"start":{"line":114,"column":153},"end":{"line":117,"column":13}},"line":114},"13":{"name":"(anonymous_13)","decl":{"start":{"line":119,"column":46},"end":{"line":119,"column":47}},"loc":{"start":{"line":119,"column":62},"end":{"line":124,"column":9}},"line":119},"14":{"name":"(anonymous_14)","decl":{"start":{"line":120,"column":133},"end":{"line":120,"column":134}},"loc":{"start":{"line":120,"column":153},"end":{"line":123,"column":13}},"line":120},"15":{"name":"(anonymous_15)","decl":{"start":{"line":125,"column":40},"end":{"line":125,"column":41}},"loc":{"start":{"line":125,"column":56},"end":{"line":131,"column":9}},"line":125},"16":{"name":"(anonymous_16)","decl":{"start":{"line":126,"column":133},"end":{"line":126,"column":134}},"loc":{"start":{"line":126,"column":153},"end":{"line":130,"column":13}},"line":126},"17":{"name":"(anonymous_17)","decl":{"start":{"line":133,"column":45},"end":{"line":133,"column":46}},"loc":{"start":{"line":133,"column":57},"end":{"line":153,"column":5}},"line":133},"18":{"name":"(anonymous_18)","decl":{"start":{"line":135,"column":43},"end":{"line":135,"column":44}},"loc":{"start":{"line":135,"column":59},"end":{"line":140,"column":9}},"line":135},"19":{"name":"(anonymous_19)","decl":{"start":{"line":136,"column":106},"end":{"line":136,"column":107}},"loc":{"start":{"line":136,"column":126},"end":{"line":139,"column":13}},"line":136},"20":{"name":"(anonymous_20)","decl":{"start":{"line":141,"column":43},"end":{"line":141,"column":44}},"loc":{"start":{"line":141,"column":59},"end":{"line":146,"column":9}},"line":141},"21":{"name":"(anonymous_21)","decl":{"start":{"line":142,"column":106},"end":{"line":142,"column":107}},"loc":{"start":{"line":142,"column":126},"end":{"line":145,"column":13}},"line":142},"22":{"name":"(anonymous_22)","decl":{"start":{"line":147,"column":48},"end":{"line":147,"column":49}},"loc":{"start":{"line":147,"column":64},"end":{"line":152,"column":9}},"line":147},"23":{"name":"(anonymous_23)","decl":{"start":{"line":148,"column":106},"end":{"line":148,"column":107}},"loc":{"start":{"line":148,"column":126},"end":{"line":151,"column":13}},"line":148},"24":{"name":"(anonymous_24)","decl":{"start":{"line":154,"column":44},"end":{"line":154,"column":45}},"loc":{"start":{"line":154,"column":56},"end":{"line":174,"column":5}},"line":154},"25":{"name":"(anonymous_25)","decl":{"start":{"line":156,"column":43},"end":{"line":156,"column":44}},"loc":{"start":{"line":156,"column":59},"end":{"line":161,"column":9}},"line":156},"26":{"name":"(anonymous_26)","decl":{"start":{"line":157,"column":106},"end":{"line":157,"column":107}},"loc":{"start":{"line":157,"column":126},"end":{"line":160,"column":13}},"line":157},"27":{"name":"(anonymous_27)","decl":{"start":{"line":162,"column":43},"end":{"line":162,"column":44}},"loc":{"start":{"line":162,"column":59},"end":{"line":167,"column":9}},"line":162},"28":{"name":"(anonymous_28)","decl":{"start":{"line":163,"column":106},"end":{"line":163,"column":107}},"loc":{"start":{"line":163,"column":126},"end":{"line":166,"column":13}},"line":163},"29":{"name":"(anonymous_29)","decl":{"start":{"line":168,"column":48},"end":{"line":168,"column":49}},"loc":{"start":{"line":168,"column":64},"end":{"line":173,"column":9}},"line":168},"30":{"name":"(anonymous_30)","decl":{"start":{"line":169,"column":106},"end":{"line":169,"column":107}},"loc":{"start":{"line":169,"column":126},"end":{"line":172,"column":13}},"line":169},"31":{"name":"(anonymous_31)","decl":{"start":{"line":175,"column":43},"end":{"line":175,"column":44}},"loc":{"start":{"line":175,"column":55},"end":{"line":237,"column":5}},"line":175},"32":{"name":"(anonymous_32)","decl":{"start":{"line":177,"column":51},"end":{"line":177,"column":52}},"loc":{"start":{"line":177,"column":67},"end":{"line":182,"column":9}},"line":177},"33":{"name":"(anonymous_33)","decl":{"start":{"line":178,"column":107},"end":{"line":178,"column":108}},"loc":{"start":{"line":178,"column":127},"end":{"line":181,"column":13}},"line":178},"34":{"name":"(anonymous_34)","decl":{"start":{"line":183,"column":43},"end":{"line":183,"column":44}},"loc":{"start":{"line":183,"column":59},"end":{"line":188,"column":9}},"line":183},"35":{"name":"(anonymous_35)","decl":{"start":{"line":184,"column":107},"end":{"line":184,"column":108}},"loc":{"start":{"line":184,"column":127},"end":{"line":187,"column":13}},"line":184},"36":{"name":"(anonymous_36)","decl":{"start":{"line":189,"column":43},"end":{"line":189,"column":44}},"loc":{"start":{"line":189,"column":59},"end":{"line":194,"column":9}},"line":189},"37":{"name":"(anonymous_37)","decl":{"start":{"line":190,"column":107},"end":{"line":190,"column":108}},"loc":{"start":{"line":190,"column":127},"end":{"line":193,"column":13}},"line":190},"38":{"name":"(anonymous_38)","decl":{"start":{"line":195,"column":48},"end":{"line":195,"column":49}},"loc":{"start":{"line":195,"column":64},"end":{"line":200,"column":9}},"line":195},"39":{"name":"(anonymous_39)","decl":{"start":{"line":196,"column":107},"end":{"line":196,"column":108}},"loc":{"start":{"line":196,"column":127},"end":{"line":199,"column":13}},"line":196},"40":{"name":"(anonymous_40)","decl":{"start":{"line":201,"column":44},"end":{"line":201,"column":45}},"loc":{"start":{"line":201,"column":60},"end":{"line":206,"column":9}},"line":201},"41":{"name":"(anonymous_41)","decl":{"start":{"line":202,"column":107},"end":{"line":202,"column":108}},"loc":{"start":{"line":202,"column":127},"end":{"line":205,"column":13}},"line":202},"42":{"name":"(anonymous_42)","decl":{"start":{"line":207,"column":46},"end":{"line":207,"column":47}},"loc":{"start":{"line":207,"column":62},"end":{"line":212,"column":9}},"line":207},"43":{"name":"(anonymous_43)","decl":{"start":{"line":208,"column":107},"end":{"line":208,"column":108}},"loc":{"start":{"line":208,"column":127},"end":{"line":211,"column":13}},"line":208},"44":{"name":"(anonymous_44)","decl":{"start":{"line":213,"column":47},"end":{"line":213,"column":48}},"loc":{"start":{"line":213,"column":63},"end":{"line":218,"column":9}},"line":213},"45":{"name":"(anonymous_45)","decl":{"start":{"line":214,"column":107},"end":{"line":214,"column":108}},"loc":{"start":{"line":214,"column":127},"end":{"line":217,"column":13}},"line":214},"46":{"name":"(anonymous_46)","decl":{"start":{"line":219,"column":45},"end":{"line":219,"column":46}},"loc":{"start":{"line":219,"column":61},"end":{"line":224,"column":9}},"line":219},"47":{"name":"(anonymous_47)","decl":{"start":{"line":220,"column":107},"end":{"line":220,"column":108}},"loc":{"start":{"line":220,"column":127},"end":{"line":223,"column":13}},"line":220},"48":{"name":"(anonymous_48)","decl":{"start":{"line":225,"column":43},"end":{"line":225,"column":44}},"loc":{"start":{"line":225,"column":59},"end":{"line":230,"column":9}},"line":225},"49":{"name":"(anonymous_49)","decl":{"start":{"line":226,"column":107},"end":{"line":226,"column":108}},"loc":{"start":{"line":226,"column":127},"end":{"line":229,"column":13}},"line":226},"50":{"name":"(anonymous_50)","decl":{"start":{"line":231,"column":48},"end":{"line":231,"column":49}},"loc":{"start":{"line":231,"column":64},"end":{"line":236,"column":9}},"line":231},"51":{"name":"(anonymous_51)","decl":{"start":{"line":232,"column":107},"end":{"line":232,"column":108}},"loc":{"start":{"line":232,"column":127},"end":{"line":235,"column":13}},"line":232},"52":{"name":"(anonymous_52)","decl":{"start":{"line":238,"column":41},"end":{"line":238,"column":42}},"loc":{"start":{"line":238,"column":53},"end":{"line":284,"column":5}},"line":238},"53":{"name":"(anonymous_53)","decl":{"start":{"line":240,"column":43},"end":{"line":240,"column":44}},"loc":{"start":{"line":240,"column":59},"end":{"line":245,"column":9}},"line":240},"54":{"name":"(anonymous_54)","decl":{"start":{"line":241,"column":114},"end":{"line":241,"column":115}},"loc":{"start":{"line":241,"column":134},"end":{"line":244,"column":13}},"line":241},"55":{"name":"(anonymous_55)","decl":{"start":{"line":246,"column":48},"end":{"line":246,"column":49}},"loc":{"start":{"line":246,"column":64},"end":{"line":251,"column":9}},"line":246},"56":{"name":"(anonymous_56)","decl":{"start":{"line":247,"column":114},"end":{"line":247,"column":115}},"loc":{"start":{"line":247,"column":134},"end":{"line":250,"column":13}},"line":247},"57":{"name":"(anonymous_57)","decl":{"start":{"line":253,"column":51},"end":{"line":253,"column":52}},"loc":{"start":{"line":253,"column":67},"end":{"line":259,"column":9}},"line":253},"58":{"name":"(anonymous_58)","decl":{"start":{"line":254,"column":114},"end":{"line":254,"column":115}},"loc":{"start":{"line":254,"column":134},"end":{"line":258,"column":13}},"line":254},"59":{"name":"(anonymous_59)","decl":{"start":{"line":260,"column":46},"end":{"line":260,"column":47}},"loc":{"start":{"line":260,"column":62},"end":{"line":265,"column":9}},"line":260},"60":{"name":"(anonymous_60)","decl":{"start":{"line":261,"column":114},"end":{"line":261,"column":115}},"loc":{"start":{"line":261,"column":134},"end":{"line":264,"column":13}},"line":261},"61":{"name":"(anonymous_61)","decl":{"start":{"line":266,"column":47},"end":{"line":266,"column":48}},"loc":{"start":{"line":266,"column":63},"end":{"line":271,"column":9}},"line":266},"62":{"name":"(anonymous_62)","decl":{"start":{"line":267,"column":114},"end":{"line":267,"column":115}},"loc":{"start":{"line":267,"column":134},"end":{"line":270,"column":13}},"line":267},"63":{"name":"(anonymous_63)","decl":{"start":{"line":272,"column":49},"end":{"line":272,"column":50}},"loc":{"start":{"line":272,"column":65},"end":{"line":277,"column":9}},"line":272},"64":{"name":"(anonymous_64)","decl":{"start":{"line":273,"column":114},"end":{"line":273,"column":115}},"loc":{"start":{"line":273,"column":134},"end":{"line":276,"column":13}},"line":273},"65":{"name":"(anonymous_65)","decl":{"start":{"line":278,"column":50},"end":{"line":278,"column":51}},"loc":{"start":{"line":278,"column":66},"end":{"line":283,"column":9}},"line":278},"66":{"name":"(anonymous_66)","decl":{"start":{"line":279,"column":114},"end":{"line":279,"column":115}},"loc":{"start":{"line":279,"column":134},"end":{"line":282,"column":13}},"line":279},"67":{"name":"(anonymous_67)","decl":{"start":{"line":285,"column":41},"end":{"line":285,"column":42}},"loc":{"start":{"line":285,"column":53},"end":{"line":324,"column":5}},"line":285},"68":{"name":"(anonymous_68)","decl":{"start":{"line":287,"column":38},"end":{"line":287,"column":39}},"loc":{"start":{"line":287,"column":54},"end":{"line":292,"column":9}},"line":287},"69":{"name":"(anonymous_69)","decl":{"start":{"line":288,"column":89},"end":{"line":288,"column":90}},"loc":{"start":{"line":288,"column":109},"end":{"line":291,"column":13}},"line":288},"70":{"name":"(anonymous_70)","decl":{"start":{"line":293,"column":53},"end":{"line":293,"column":54}},"loc":{"start":{"line":293,"column":69},"end":{"line":298,"column":9}},"line":293},"71":{"name":"(anonymous_71)","decl":{"start":{"line":294,"column":89},"end":{"line":294,"column":90}},"loc":{"start":{"line":294,"column":109},"end":{"line":297,"column":13}},"line":294},"72":{"name":"(anonymous_72)","decl":{"start":{"line":299,"column":62},"end":{"line":299,"column":63}},"loc":{"start":{"line":299,"column":78},"end":{"line":304,"column":9}},"line":299},"73":{"name":"(anonymous_73)","decl":{"start":{"line":300,"column":89},"end":{"line":300,"column":90}},"loc":{"start":{"line":300,"column":109},"end":{"line":303,"column":13}},"line":300},"74":{"name":"(anonymous_74)","decl":{"start":{"line":305,"column":50},"end":{"line":305,"column":51}},"loc":{"start":{"line":305,"column":66},"end":{"line":311,"column":9}},"line":305},"75":{"name":"(anonymous_75)","decl":{"start":{"line":306,"column":89},"end":{"line":306,"column":90}},"loc":{"start":{"line":306,"column":109},"end":{"line":310,"column":13}},"line":306},"76":{"name":"(anonymous_76)","decl":{"start":{"line":312,"column":50},"end":{"line":312,"column":51}},"loc":{"start":{"line":312,"column":66},"end":{"line":317,"column":9}},"line":312},"77":{"name":"(anonymous_77)","decl":{"start":{"line":313,"column":89},"end":{"line":313,"column":90}},"loc":{"start":{"line":313,"column":109},"end":{"line":316,"column":13}},"line":313},"78":{"name":"(anonymous_78)","decl":{"start":{"line":318,"column":38},"end":{"line":318,"column":39}},"loc":{"start":{"line":318,"column":54},"end":{"line":323,"column":9}},"line":318},"79":{"name":"(anonymous_79)","decl":{"start":{"line":319,"column":89},"end":{"line":319,"column":90}},"loc":{"start":{"line":319,"column":109},"end":{"line":322,"column":13}},"line":319},"80":{"name":"(anonymous_80)","decl":{"start":{"line":325,"column":41},"end":{"line":325,"column":42}},"loc":{"start":{"line":325,"column":53},"end":{"line":364,"column":5}},"line":325},"81":{"name":"(anonymous_81)","decl":{"start":{"line":327,"column":43},"end":{"line":327,"column":44}},"loc":{"start":{"line":327,"column":59},"end":{"line":332,"column":9}},"line":327},"82":{"name":"(anonymous_82)","decl":{"start":{"line":328,"column":176},"end":{"line":328,"column":177}},"loc":{"start":{"line":328,"column":196},"end":{"line":331,"column":13}},"line":328},"83":{"name":"(anonymous_83)","decl":{"start":{"line":333,"column":48},"end":{"line":333,"column":49}},"loc":{"start":{"line":333,"column":64},"end":{"line":338,"column":9}},"line":333},"84":{"name":"(anonymous_84)","decl":{"start":{"line":334,"column":176},"end":{"line":334,"column":177}},"loc":{"start":{"line":334,"column":196},"end":{"line":337,"column":13}},"line":334},"85":{"name":"(anonymous_85)","decl":{"start":{"line":339,"column":53},"end":{"line":339,"column":54}},"loc":{"start":{"line":339,"column":69},"end":{"line":344,"column":9}},"line":339},"86":{"name":"(anonymous_86)","decl":{"start":{"line":340,"column":176},"end":{"line":340,"column":177}},"loc":{"start":{"line":340,"column":196},"end":{"line":343,"column":13}},"line":340},"87":{"name":"(anonymous_87)","decl":{"start":{"line":345,"column":51},"end":{"line":345,"column":52}},"loc":{"start":{"line":345,"column":67},"end":{"line":351,"column":9}},"line":345},"88":{"name":"(anonymous_88)","decl":{"start":{"line":346,"column":176},"end":{"line":346,"column":177}},"loc":{"start":{"line":346,"column":196},"end":{"line":350,"column":13}},"line":346},"89":{"name":"(anonymous_89)","decl":{"start":{"line":352,"column":46},"end":{"line":352,"column":47}},"loc":{"start":{"line":352,"column":62},"end":{"line":357,"column":9}},"line":352},"90":{"name":"(anonymous_90)","decl":{"start":{"line":353,"column":176},"end":{"line":353,"column":177}},"loc":{"start":{"line":353,"column":196},"end":{"line":356,"column":13}},"line":353},"91":{"name":"(anonymous_91)","decl":{"start":{"line":358,"column":39},"end":{"line":358,"column":40}},"loc":{"start":{"line":358,"column":55},"end":{"line":363,"column":9}},"line":358},"92":{"name":"(anonymous_92)","decl":{"start":{"line":359,"column":176},"end":{"line":359,"column":177}},"loc":{"start":{"line":359,"column":196},"end":{"line":362,"column":13}},"line":359},"93":{"name":"(anonymous_93)","decl":{"start":{"line":365,"column":42},"end":{"line":365,"column":43}},"loc":{"start":{"line":365,"column":54},"end":{"line":404,"column":5}},"line":365},"94":{"name":"(anonymous_94)","decl":{"start":{"line":367,"column":43},"end":{"line":367,"column":44}},"loc":{"start":{"line":367,"column":59},"end":{"line":372,"column":9}},"line":367},"95":{"name":"(anonymous_95)","decl":{"start":{"line":368,"column":167},"end":{"line":368,"column":168}},"loc":{"start":{"line":368,"column":187},"end":{"line":371,"column":13}},"line":368},"96":{"name":"(anonymous_96)","decl":{"start":{"line":373,"column":48},"end":{"line":373,"column":49}},"loc":{"start":{"line":373,"column":64},"end":{"line":378,"column":9}},"line":373},"97":{"name":"(anonymous_97)","decl":{"start":{"line":374,"column":167},"end":{"line":374,"column":168}},"loc":{"start":{"line":374,"column":187},"end":{"line":377,"column":13}},"line":374},"98":{"name":"(anonymous_98)","decl":{"start":{"line":379,"column":53},"end":{"line":379,"column":54}},"loc":{"start":{"line":379,"column":69},"end":{"line":384,"column":9}},"line":379},"99":{"name":"(anonymous_99)","decl":{"start":{"line":380,"column":167},"end":{"line":380,"column":168}},"loc":{"start":{"line":380,"column":187},"end":{"line":383,"column":13}},"line":380},"100":{"name":"(anonymous_100)","decl":{"start":{"line":385,"column":51},"end":{"line":385,"column":52}},"loc":{"start":{"line":385,"column":67},"end":{"line":391,"column":9}},"line":385},"101":{"name":"(anonymous_101)","decl":{"start":{"line":386,"column":167},"end":{"line":386,"column":168}},"loc":{"start":{"line":386,"column":187},"end":{"line":390,"column":13}},"line":386},"102":{"name":"(anonymous_102)","decl":{"start":{"line":392,"column":46},"end":{"line":392,"column":47}},"loc":{"start":{"line":392,"column":62},"end":{"line":397,"column":9}},"line":392},"103":{"name":"(anonymous_103)","decl":{"start":{"line":393,"column":167},"end":{"line":393,"column":168}},"loc":{"start":{"line":393,"column":187},"end":{"line":396,"column":13}},"line":393},"104":{"name":"(anonymous_104)","decl":{"start":{"line":398,"column":39},"end":{"line":398,"column":40}},"loc":{"start":{"line":398,"column":55},"end":{"line":403,"column":9}},"line":398},"105":{"name":"(anonymous_105)","decl":{"start":{"line":399,"column":167},"end":{"line":399,"column":168}},"loc":{"start":{"line":399,"column":187},"end":{"line":402,"column":13}},"line":399},"106":{"name":"(anonymous_106)","decl":{"start":{"line":405,"column":41},"end":{"line":405,"column":42}},"loc":{"start":{"line":405,"column":53},"end":{"line":444,"column":5}},"line":405},"107":{"name":"(anonymous_107)","decl":{"start":{"line":407,"column":43},"end":{"line":407,"column":44}},"loc":{"start":{"line":407,"column":59},"end":{"line":412,"column":9}},"line":407},"108":{"name":"(anonymous_108)","decl":{"start":{"line":408,"column":159},"end":{"line":408,"column":160}},"loc":{"start":{"line":408,"column":179},"end":{"line":411,"column":13}},"line":408},"109":{"name":"(anonymous_109)","decl":{"start":{"line":413,"column":48},"end":{"line":413,"column":49}},"loc":{"start":{"line":413,"column":64},"end":{"line":418,"column":9}},"line":413},"110":{"name":"(anonymous_110)","decl":{"start":{"line":414,"column":159},"end":{"line":414,"column":160}},"loc":{"start":{"line":414,"column":179},"end":{"line":417,"column":13}},"line":414},"111":{"name":"(anonymous_111)","decl":{"start":{"line":419,"column":53},"end":{"line":419,"column":54}},"loc":{"start":{"line":419,"column":69},"end":{"line":424,"column":9}},"line":419},"112":{"name":"(anonymous_112)","decl":{"start":{"line":420,"column":159},"end":{"line":420,"column":160}},"loc":{"start":{"line":420,"column":179},"end":{"line":423,"column":13}},"line":420},"113":{"name":"(anonymous_113)","decl":{"start":{"line":425,"column":51},"end":{"line":425,"column":52}},"loc":{"start":{"line":425,"column":67},"end":{"line":431,"column":9}},"line":425},"114":{"name":"(anonymous_114)","decl":{"start":{"line":426,"column":159},"end":{"line":426,"column":160}},"loc":{"start":{"line":426,"column":179},"end":{"line":430,"column":13}},"line":426},"115":{"name":"(anonymous_115)","decl":{"start":{"line":432,"column":46},"end":{"line":432,"column":47}},"loc":{"start":{"line":432,"column":62},"end":{"line":437,"column":9}},"line":432},"116":{"name":"(anonymous_116)","decl":{"start":{"line":433,"column":159},"end":{"line":433,"column":160}},"loc":{"start":{"line":433,"column":179},"end":{"line":436,"column":13}},"line":433},"117":{"name":"(anonymous_117)","decl":{"start":{"line":438,"column":39},"end":{"line":438,"column":40}},"loc":{"start":{"line":438,"column":55},"end":{"line":443,"column":9}},"line":438},"118":{"name":"(anonymous_118)","decl":{"start":{"line":439,"column":159},"end":{"line":439,"column":160}},"loc":{"start":{"line":439,"column":179},"end":{"line":442,"column":13}},"line":439},"119":{"name":"(anonymous_119)","decl":{"start":{"line":445,"column":54},"end":{"line":445,"column":55}},"loc":{"start":{"line":445,"column":66},"end":{"line":484,"column":5}},"line":445},"120":{"name":"(anonymous_120)","decl":{"start":{"line":447,"column":43},"end":{"line":447,"column":44}},"loc":{"start":{"line":447,"column":59},"end":{"line":452,"column":9}},"line":447},"121":{"name":"(anonymous_121)","decl":{"start":{"line":448,"column":161},"end":{"line":448,"column":162}},"loc":{"start":{"line":448,"column":181},"end":{"line":451,"column":13}},"line":448},"122":{"name":"(anonymous_122)","decl":{"start":{"line":453,"column":48},"end":{"line":453,"column":49}},"loc":{"start":{"line":453,"column":64},"end":{"line":458,"column":9}},"line":453},"123":{"name":"(anonymous_123)","decl":{"start":{"line":454,"column":161},"end":{"line":454,"column":162}},"loc":{"start":{"line":454,"column":181},"end":{"line":457,"column":13}},"line":454},"124":{"name":"(anonymous_124)","decl":{"start":{"line":459,"column":53},"end":{"line":459,"column":54}},"loc":{"start":{"line":459,"column":69},"end":{"line":464,"column":9}},"line":459},"125":{"name":"(anonymous_125)","decl":{"start":{"line":460,"column":161},"end":{"line":460,"column":162}},"loc":{"start":{"line":460,"column":181},"end":{"line":463,"column":13}},"line":460},"126":{"name":"(anonymous_126)","decl":{"start":{"line":465,"column":51},"end":{"line":465,"column":52}},"loc":{"start":{"line":465,"column":67},"end":{"line":471,"column":9}},"line":465},"127":{"name":"(anonymous_127)","decl":{"start":{"line":466,"column":161},"end":{"line":466,"column":162}},"loc":{"start":{"line":466,"column":181},"end":{"line":470,"column":13}},"line":466},"128":{"name":"(anonymous_128)","decl":{"start":{"line":472,"column":46},"end":{"line":472,"column":47}},"loc":{"start":{"line":472,"column":62},"end":{"line":477,"column":9}},"line":472},"129":{"name":"(anonymous_129)","decl":{"start":{"line":473,"column":161},"end":{"line":473,"column":162}},"loc":{"start":{"line":473,"column":181},"end":{"line":476,"column":13}},"line":473},"130":{"name":"(anonymous_130)","decl":{"start":{"line":478,"column":40},"end":{"line":478,"column":41}},"loc":{"start":{"line":478,"column":56},"end":{"line":483,"column":9}},"line":478},"131":{"name":"(anonymous_131)","decl":{"start":{"line":479,"column":161},"end":{"line":479,"column":162}},"loc":{"start":{"line":479,"column":181},"end":{"line":482,"column":13}},"line":479},"132":{"name":"(anonymous_132)","decl":{"start":{"line":485,"column":53},"end":{"line":485,"column":54}},"loc":{"start":{"line":485,"column":65},"end":{"line":500,"column":5}},"line":485},"133":{"name":"(anonymous_133)","decl":{"start":{"line":488,"column":43},"end":{"line":488,"column":44}},"loc":{"start":{"line":488,"column":59},"end":{"line":493,"column":9}},"line":488},"134":{"name":"(anonymous_134)","decl":{"start":{"line":489,"column":314},"end":{"line":489,"column":315}},"loc":{"start":{"line":489,"column":334},"end":{"line":492,"column":13}},"line":489},"135":{"name":"(anonymous_135)","decl":{"start":{"line":494,"column":48},"end":{"line":494,"column":49}},"loc":{"start":{"line":494,"column":64},"end":{"line":499,"column":9}},"line":494},"136":{"name":"(anonymous_136)","decl":{"start":{"line":495,"column":312},"end":{"line":495,"column":313}},"loc":{"start":{"line":495,"column":332},"end":{"line":498,"column":13}},"line":495}},"branchMap":{"0":{"loc":{"start":{"line":27,"column":46},"end":{"line":27,"column":92}},"type":"cond-expr","locations":[{"start":{"line":27,"column":70},"end":{"line":27,"column":73}},{"start":{"line":27,"column":76},"end":{"line":27,"column":92}}],"line":27},"1":{"loc":{"start":{"line":27,"column":46},"end":{"line":27,"column":67}},"type":"binary-expr","locations":[{"start":{"line":27,"column":46},"end":{"line":27,"column":49}},{"start":{"line":27,"column":53},"end":{"line":27,"column":67}}],"line":27}},"s":{"0":1,"1":1,"2":1,"3":1,"4":1,"5":1,"6":1,"7":1,"8":1,"9":1,"10":1,"11":1,"12":6,"13":1,"14":1,"15":1,"16":1,"17":1,"18":1,"19":1,"20":1,"21":1,"22":1,"23":1,"24":1,"25":1,"26":1,"27":1,"28":1,"29":1,"30":1,"31":1,"32":1,"33":1,"34":1,"35":1,"36":1,"37":1,"38":1,"39":1,"40":1,"41":1,"42":1,"43":1,"44":1,"45":1,"46":1,"47":1,"48":1,"49":1,"50":1,"51":1,"52":1,"53":1,"54":1,"55":1,"56":1,"57":1,"58":1,"59":1,"60":1,"61":1,"62":1,"63":1,"64":1,"65":1,"66":1,"67":1,"68":1,"69":1,"70":1,"71":1,"72":1,"73":1,"74":1,"75":1,"76":1,"77":1,"78":1,"79":1,"80":1,"81":1,"82":1,"83":1,"84":1,"85":1,"86":1,"87":1,"88":1,"89":1,"90":1,"91":1,"92":1,"93":1,"94":1,"95":1,"96":1,"97":1,"98":1,"99":1,"100":1,"101":1,"102":1,"103":1,"104":1,"105":1,"106":1,"107":1,"108":1,"109":1,"110":1,"111":1,"112":1,"113":1,"114":1,"115":1,"116":1,"117":1,"118":1,"119":1,"120":1,"121":1,"122":1,"123":1,"124":1,"125":1,"126":1,"127":1,"128":1,"129":1,"130":1,"131":1,"132":1,"133":1,"134":1,"135":1,"136":1,"137":1,"138":1,"139":1,"140":1,"141":1,"142":1,"143":1,"144":1,"145":1,"146":1,"147":1,"148":1,"149":1,"150":1,"151":1,"152":1,"153":1,"154":1,"155":1,"156":1,"157":1,"158":1,"159":1,"160":1,"161":1,"162":1,"163":1,"164":1,"165":1,"166":1,"167":1,"168":1,"169":1,"170":1,"171":1,"172":1,"173":1,"174":1,"175":1,"176":1,"177":1,"178":1,"179":1,"180":1,"181":1,"182":1,"183":1,"184":1,"185":1,"186":1,"187":1,"188":1,"189":1,"190":1,"191":1,"192":1,"193":1,"194":1,"195":1,"196":1,"197":1,"198":1,"199":1,"200":1,"201":1,"202":1,"203":1,"204":1,"205":1,"206":1,"207":1,"208":1,"209":1,"210":1,"211":1,"212":1,"213":1,"214":1,"215":1,"216":1,"217":1,"218":1,"219":1,"220":1,"221":1,"222":1,"223":1,"224":1,"225":1,"226":1,"227":1,"228":1,"229":1,"230":1,"231":1,"232":1,"233":1,"234":1,"235":1,"236":1,"237":1,"238":1,"239":1,"240":1,"241":1,"242":1,"243":1,"244":1,"245":1,"246":1,"247":1,"248":1,"249":1,"250":1,"251":1,"252":1,"253":1,"254":1,"255":1,"256":1,"257":1,"258":1,"259":1,"260":1,"261":1,"262":1,"263":1,"264":1,"265":1,"266":1,"267":1,"268":1,"269":1,"270":1,"271":1,"272":1,"273":1,"274":1,"275":1,"276":1,"277":1,"278":1,"279":1,"280":1,"281":1,"282":1,"283":1,"284":1,"285":1,"286":1,"287":1,"288":1,"289":1,"290":1,"291":1,"292":1,"293":1,"294":1},"f":{"0":6,"1":1,"2":1,"3":1,"4":1,"5":1,"6":1,"7":1,"8":1,"9":1,"10":1,"11":1,"12":1,"13":1,"14":1,"15":1,"16":1,"17":1,"18":1,"19":1,"20":1,"21":1,"22":1,"23":1,"24":1,"25":1,"26":1,"27":1,"28":1,"29":1,"30":1,"31":1,"32":1,"33":1,"34":1,"35":1,"36":1,"37":1,"38":1,"39":1,"40":1,"41":1,"42":1,"43":1,"44":1,"45":1,"46":1,"47":1,"48":1,"49":1,"50":1,"51":1,"52":1,"53":1,"54":1,"55":1,"56":1,"57":1,"58":1,"59":1,"60":1,"61":1,"62":1,"63":1,"64":1,"65":1,"66":1,"67":1,"68":1,"69":1,"70":1,"71":1,"72":1,"73":1,"74":1,"75":1,"76":1,"77":1,"78":1,"79":1,"80":1,"81":1,"82":1,"83":1,"84":1,"85":1,"86":1,"87":1,"88":1,"89":1,"90":1,"91":1,"92":1,"93":1,"94":1,"95":1,"96":1,"97":1,"98":1,"99":1,"100":1,"101":1,"102":1,"103":1,"104":1,"105":1,"106":1,"107":1,"108":1,"109":1,"110":1,"111":1,"112":1,"113":1,"114":1,"115":1,"116":1,"117":1,"118":1,"119":1,"120":1,"121":1,"122":1,"123":1,"124":1,"125":1,"126":1,"127":1,"128":1,"129":1,"130":1,"131":1,"132":1,"133":1,"134":1,"135":1,"136":1},"b":{"0":[1,5],"1":[6,6]},"_coverageSchema":"d34fc3e6b8297bcde183f5492bcb8fcb36775295","hash":"b67724bbc3746403ba10af8864dc511b6b9be4f3","contentHash":"4dc832cd5bd84201039721e396394e79"},"C:\\Users\\Kazom\\Documents\\andela-21\\sweet-spicy\\server\\index.js":{"path":"C:\\Users\\Kazom\\Documents\\andela-21\\sweet-spicy\\server\\index.js","statementMap":{"0":{"start":{"line":3,"column":0},"end":{"line":5,"column":3}},"1":{"start":{"line":7,"column":15},"end":{"line":7,"column":33}},"2":{"start":{"line":9,"column":16},"end":{"line":9,"column":48}},"3":{"start":{"line":11,"column":14},"end":{"line":11,"column":34}},"4":{"start":{"line":13,"column":15},"end":{"line":13,"column":46}},"5":{"start":{"line":15,"column":18},"end":{"line":15,"column":40}},"6":{"start":{"line":17,"column":19},"end":{"line":17,"column":54}},"7":{"start":{"line":19,"column":12},"end":{"line":19,"column":27}},"8":{"start":{"line":21,"column":13},"end":{"line":21,"column":42}},"9":{"start":{"line":23,"column":12},"end":{"line":23,"column":27}},"10":{"start":{"line":25,"column":13},"end":{"line":25,"column":42}},"11":{"start":{"line":27,"column":13},"end":{"line":27,"column":31}},"12":{"start":{"line":29,"column":14},"end":{"line":29,"column":44}},"13":{"start":{"line":31,"column":14},"end":{"line":31,"column":39}},"14":{"start":{"line":33,"column":15},"end":{"line":33,"column":46}},"15":{"start":{"line":35,"column":12},"end":{"line":35,"column":35}},"16":{"start":{"line":37,"column":13},"end":{"line":37,"column":42}},"17":{"start":{"line":39,"column":17},"end":{"line":39,"column":45}},"18":{"start":{"line":41,"column":18},"end":{"line":41,"column":52}},"19":{"start":{"line":43,"column":17},"end":{"line":43,"column":45}},"20":{"start":{"line":45,"column":18},"end":{"line":45,"column":52}},"21":{"start":{"line":47,"column":39},"end":{"line":47,"column":93}},"22":{"start":{"line":49,"column":0},"end":{"line":49,"column":27}},"23":{"start":{"line":51,"column":17},"end":{"line":51,"column":43}},"24":{"start":{"line":52,"column":10},"end":{"line":52,"column":34}},"25":{"start":{"line":53,"column":0},"end":{"line":53,"column":72}},"26":{"start":{"line":54,"column":0},"end":{"line":54,"column":40}},"27":{"start":{"line":56,"column":0},"end":{"line":56,"column":62}},"28":{"start":{"line":57,"column":0},"end":{"line":57,"column":37}},"29":{"start":{"line":59,"column":0},"end":{"line":59,"column":40}},"30":{"start":{"line":60,"column":0},"end":{"line":60,"column":44}},"31":{"start":{"line":61,"column":0},"end":{"line":61,"column":45}},"32":{"start":{"line":62,"column":0},"end":{"line":62,"column":46}},"33":{"start":{"line":64,"column":11},"end":{"line":64,"column":35}},"34":{"start":{"line":65,"column":13},"end":{"line":65,"column":45}},"35":{"start":{"line":66,"column":9},"end":{"line":66,"column":47}},"36":{"start":{"line":67,"column":0},"end":{"line":69,"column":3}},"37":{"start":{"line":68,"column":4},"end":{"line":68,"column":52}},"38":{"start":{"line":71,"column":0},"end":{"line":73,"column":3}},"39":{"start":{"line":72,"column":4},"end":{"line":72,"column":55}},"40":{"start":{"line":75,"column":0},"end":{"line":75,"column":25}}},"fnMap":{"0":{"name":"_interopRequireDefault","decl":{"start":{"line":47,"column":9},"end":{"line":47,"column":31}},"loc":{"start":{"line":47,"column":37},"end":{"line":47,"column":95}},"line":47},"1":{"name":"(anonymous_1)","decl":{"start":{"line":67,"column":20},"end":{"line":67,"column":21}},"loc":{"start":{"line":67,"column":38},"end":{"line":69,"column":1}},"line":67},"2":{"name":"(anonymous_2)","decl":{"start":{"line":71,"column":20},"end":{"line":71,"column":21}},"loc":{"start":{"line":71,"column":32},"end":{"line":73,"column":1}},"line":71}},"branchMap":{"0":{"loc":{"start":{"line":47,"column":46},"end":{"line":47,"column":92}},"type":"cond-expr","locations":[{"start":{"line":47,"column":70},"end":{"line":47,"column":73}},{"start":{"line":47,"column":76},"end":{"line":47,"column":92}}],"line":47},"1":{"loc":{"start":{"line":47,"column":46},"end":{"line":47,"column":67}},"type":"binary-expr","locations":[{"start":{"line":47,"column":46},"end":{"line":47,"column":49}},{"start":{"line":47,"column":53},"end":{"line":47,"column":67}}],"line":47},"2":{"loc":{"start":{"line":64,"column":11},"end":{"line":64,"column":35}},"type":"binary-expr","locations":[{"start":{"line":64,"column":11},"end":{"line":64,"column":27}},{"start":{"line":64,"column":31},"end":{"line":64,"column":35}}],"line":64}},"s":{"0":1,"1":1,"2":1,"3":1,"4":1,"5":1,"6":1,"7":1,"8":1,"9":1,"10":1,"11":1,"12":1,"13":1,"14":1,"15":1,"16":1,"17":1,"18":1,"19":1,"20":1,"21":10,"22":1,"23":1,"24":1,"25":1,"26":1,"27":1,"28":1,"29":1,"30":1,"31":1,"32":1,"33":1,"34":1,"35":1,"36":1,"37":0,"38":1,"39":1,"40":1},"f":{"0":10,"1":0,"2":1},"b":{"0":[5,5],"1":[10,10],"2":[1,0]},"_coverageSchema":"d34fc3e6b8297bcde183f5492bcb8fcb36775295","hash":"e5cd6505873189f9ec6694ef70f151a7c2d2c226","contentHash":"91efe3e6a75ce464e49284c4f353f149"},"C:\\Users\\Kazom\\Documents\\andela-21\\sweet-spicy\\server\\route\\index.js":{"path":"C:\\Users\\Kazom\\Documents\\andela-21\\sweet-spicy\\server\\route\\index.js","statementMap":{"0":{"start":{"line":3,"column":0},"end":{"line":5,"column":3}},"1":{"start":{"line":7,"column":15},"end":{"line":7,"column":33}},"2":{"start":{"line":9,"column":16},"end":{"line":9,"column":48}},"3":{"start":{"line":11,"column":15},"end":{"line":11,"column":36}},"4":{"start":{"line":13,"column":16},"end":{"line":13,"column":48}},"5":{"start":{"line":15,"column":39},"end":{"line":15,"column":93}},"6":{"start":{"line":17,"column":13},"end":{"line":17,"column":39}},"7":{"start":{"line":19,"column":11},"end":{"line":79,"column":2}},"8":{"start":{"line":81,"column":0},"end":{"line":83,"column":3}},"9":{"start":{"line":82,"column":4},"end":{"line":82,"column":44}},"10":{"start":{"line":85,"column":0},"end":{"line":93,"column":3}},"11":{"start":{"line":86,"column":4},"end":{"line":86,"column":25}},"12":{"start":{"line":87,"column":4},"end":{"line":87,"column":54}},"13":{"start":{"line":88,"column":4},"end":{"line":92,"column":7}},"14":{"start":{"line":95,"column":0},"end":{"line":95,"column":25}}},"fnMap":{"0":{"name":"_interopRequireDefault","decl":{"start":{"line":15,"column":9},"end":{"line":15,"column":31}},"loc":{"start":{"line":15,"column":37},"end":{"line":15,"column":95}},"line":15},"1":{"name":"(anonymous_1)","decl":{"start":{"line":81,"column":16},"end":{"line":81,"column":17}},"loc":{"start":{"line":81,"column":42},"end":{"line":83,"column":1}},"line":81},"2":{"name":"(anonymous_2)","decl":{"start":{"line":85,"column":27},"end":{"line":85,"column":28}},"loc":{"start":{"line":85,"column":53},"end":{"line":93,"column":1}},"line":85}},"branchMap":{"0":{"loc":{"start":{"line":15,"column":46},"end":{"line":15,"column":92}},"type":"cond-expr","locations":[{"start":{"line":15,"column":70},"end":{"line":15,"column":73}},{"start":{"line":15,"column":76},"end":{"line":15,"column":92}}],"line":15},"1":{"loc":{"start":{"line":15,"column":46},"end":{"line":15,"column":67}},"type":"binary-expr","locations":[{"start":{"line":15,"column":46},"end":{"line":15,"column":49}},{"start":{"line":15,"column":53},"end":{"line":15,"column":67}}],"line":15}},"s":{"0":1,"1":1,"2":1,"3":1,"4":1,"5":2,"6":1,"7":1,"8":1,"9":0,"10":1,"11":0,"12":0,"13":0,"14":1},"f":{"0":2,"1":0,"2":0},"b":{"0":[1,1],"1":[2,2]},"_coverageSchema":"d34fc3e6b8297bcde183f5492bcb8fcb36775295","hash":"93722a45840dc632de17fb86912fe7c3a5a8fc80","contentHash":"5d825ba8d61a2b3fced3005a23c62493"},"C:\\Users\\Kazom\\Documents\\andela-21\\sweet-spicy\\server\\Helpers.js":{"path":"C:\\Users\\Kazom\\Documents\\andela-21\\sweet-spicy\\server\\Helpers.js","statementMap":{"0":{"start":{"line":3,"column":0},"end":{"line":5,"column":3}},"1":{"start":{"line":7,"column":14},"end":{"line":7,"column":268}},"2":{"start":{"line":7,"column":101},"end":{"line":7,"column":119}},"3":{"start":{"line":7,"column":141},"end":{"line":7,"column":266}},"4":{"start":{"line":9,"column":19},"end":{"line":9,"column":563}},"5":{"start":{"line":9,"column":76},"end":{"line":9,"column":347}},"6":{"start":{"line":9,"column":134},"end":{"line":9,"column":142}},"7":{"start":{"line":9,"column":144},"end":{"line":9,"column":199}},"8":{"start":{"line":9,"column":200},"end":{"line":9,"column":231}},"9":{"start":{"line":9,"column":232},"end":{"line":9,"column":286}},"10":{"start":{"line":9,"column":259},"end":{"line":9,"column":286}},"11":{"start":{"line":9,"column":287},"end":{"line":9,"column":345}},"12":{"start":{"line":9,"column":350},"end":{"line":9,"column":559}},"13":{"start":{"line":9,"column":407},"end":{"line":9,"column":475}},"14":{"start":{"line":9,"column":423},"end":{"line":9,"column":475}},"15":{"start":{"line":9,"column":476},"end":{"line":9,"column":536}},"16":{"start":{"line":9,"column":493},"end":{"line":9,"column":536}},"17":{"start":{"line":9,"column":537},"end":{"line":9,"column":556}},"18":{"start":{"line":11,"column":17},"end":{"line":11,"column":37}},"19":{"start":{"line":13,"column":18},"end":{"line":13,"column":52}},"20":{"start":{"line":15,"column":26},"end":{"line":15,"column":57}},"21":{"start":{"line":17,"column":27},"end":{"line":17,"column":70}},"22":{"start":{"line":19,"column":20},"end":{"line":19,"column":43}},"23":{"start":{"line":21,"column":21},"end":{"line":21,"column":58}},"24":{"start":{"line":23,"column":39},"end":{"line":23,"column":93}},"25":{"start":{"line":25,"column":50},"end":{"line":25,"column":151}},"26":{"start":{"line":25,"column":92},"end":{"line":25,"column":149}},"27":{"start":{"line":34,"column":14},"end":{"line":262,"column":3}},"28":{"start":{"line":36,"column":8},"end":{"line":36,"column":39}},"29":{"start":{"line":38,"column":8},"end":{"line":38,"column":57}},"30":{"start":{"line":39,"column":8},"end":{"line":39,"column":55}},"31":{"start":{"line":40,"column":8},"end":{"line":40,"column":55}},"32":{"start":{"line":43,"column":4},"end":{"line":259,"column":8}},"33":{"start":{"line":46,"column":12},"end":{"line":56,"column":13}},"34":{"start":{"line":48,"column":16},"end":{"line":52,"column":19}},"35":{"start":{"line":49,"column":20},"end":{"line":51,"column":21}},"36":{"start":{"line":50,"column":24},"end":{"line":50,"column":51}},"37":{"start":{"line":53,"column":16},"end":{"line":53,"column":27}},"38":{"start":{"line":55,"column":16},"end":{"line":55,"column":26}},"39":{"start":{"line":61,"column":12},"end":{"line":86,"column":13}},"40":{"start":{"line":62,"column":16},"end":{"line":62,"column":29}},"41":{"start":{"line":64,"column":33},"end":{"line":64,"column":49}},"42":{"start":{"line":65,"column":16},"end":{"line":85,"column":17}},"43":{"start":{"line":66,"column":20},"end":{"line":66,"column":33}},"44":{"start":{"line":68,"column":35},"end":{"line":68,"column":41}},"45":{"start":{"line":69,"column":20},"end":{"line":79,"column":21}},"46":{"start":{"line":70,"column":24},"end":{"line":70,"column":41}},"47":{"start":{"line":71,"column":24},"end":{"line":75,"column":25}},"48":{"start":{"line":72,"column":28},"end":{"line":74,"column":29}},"49":{"start":{"line":73,"column":32},"end":{"line":73,"column":48}},"50":{"start":{"line":76,"column":24},"end":{"line":78,"column":25}},"51":{"start":{"line":77,"column":28},"end":{"line":77,"column":41}},"52":{"start":{"line":80,"column":20},"end":{"line":84,"column":21}},"53":{"start":{"line":81,"column":24},"end":{"line":81,"column":36}},"54":{"start":{"line":83,"column":24},"end":{"line":83,"column":37}},"55":{"start":{"line":91,"column":12},"end":{"line":142,"column":13}},"56":{"start":{"line":93,"column":27},"end":{"line":93,"column":43}},"57":{"start":{"line":94,"column":16},"end":{"line":138,"column":17}},"58":{"start":{"line":95,"column":20},"end":{"line":102,"column":21}},"59":{"start":{"line":96,"column":24},"end":{"line":101,"column":25}},"60":{"start":{"line":97,"column":28},"end":{"line":97,"column":49}},"61":{"start":{"line":98,"column":28},"end":{"line":98,"column":78}},"62":{"start":{"line":99,"column":28},"end":{"line":99,"column":107}},"63":{"start":{"line":100,"column":28},"end":{"line":100,"column":41}},"64":{"start":{"line":103,"column":20},"end":{"line":110,"column":21}},"65":{"start":{"line":104,"column":24},"end":{"line":109,"column":25}},"66":{"start":{"line":105,"column":28},"end":{"line":105,"column":49}},"67":{"start":{"line":106,"column":28},"end":{"line":106,"column":78}},"68":{"start":{"line":107,"column":28},"end":{"line":107,"column":107}},"69":{"start":{"line":108,"column":28},"end":{"line":108,"column":41}},"70":{"start":{"line":110,"column":21},"end":{"line":117,"column":21}},"71":{"start":{"line":111,"column":24},"end":{"line":116,"column":25}},"72":{"start":{"line":112,"column":28},"end":{"line":112,"column":49}},"73":{"start":{"line":113,"column":28},"end":{"line":113,"column":78}},"74":{"start":{"line":114,"column":28},"end":{"line":114,"column":107}},"75":{"start":{"line":115,"column":28},"end":{"line":115,"column":41}},"76":{"start":{"line":118,"column":20},"end":{"line":123,"column":21}},"77":{"start":{"line":119,"column":24},"end":{"line":119,"column":45}},"78":{"start":{"line":120,"column":24},"end":{"line":120,"column":74}},"79":{"start":{"line":121,"column":24},"end":{"line":121,"column":91}},"80":{"start":{"line":122,"column":24},"end":{"line":122,"column":37}},"81":{"start":{"line":124,"column":20},"end":{"line":137,"column":21}},"82":{"start":{"line":126,"column":24},"end":{"line":131,"column":25}},"83":{"start":{"line":127,"column":28},"end":{"line":127,"column":49}},"84":{"start":{"line":128,"column":28},"end":{"line":128,"column":78}},"85":{"start":{"line":129,"column":28},"end":{"line":129,"column":102}},"86":{"start":{"line":130,"column":28},"end":{"line":130,"column":41}},"87":{"start":{"line":132,"column":27},"end":{"line":137,"column":21}},"88":{"start":{"line":133,"column":24},"end":{"line":133,"column":45}},"89":{"start":{"line":134,"column":24},"end":{"line":134,"column":74}},"90":{"start":{"line":135,"column":24},"end":{"line":135,"column":69}},"91":{"start":{"line":136,"column":24},"end":{"line":136,"column":37}},"92":{"start":{"line":139,"column":16},"end":{"line":139,"column":28}},"93":{"start":{"line":141,"column":16},"end":{"line":141,"column":29}},"94":{"start":{"line":147,"column":22},"end":{"line":147,"column":79}},"95":{"start":{"line":148,"column":31},"end":{"line":148,"column":77}},"96":{"start":{"line":150,"column":12},"end":{"line":164,"column":13}},"97":{"start":{"line":151,"column":16},"end":{"line":153,"column":19}},"98":{"start":{"line":154,"column":19},"end":{"line":164,"column":13}},"99":{"start":{"line":155,"column":16},"end":{"line":163,"column":19}},"100":{"start":{"line":156,"column":20},"end":{"line":160,"column":21}},"101":{"start":{"line":157,"column":24},"end":{"line":159,"column":27}},"102":{"start":{"line":161,"column":20},"end":{"line":161,"column":41}},"103":{"start":{"line":162,"column":20},"end":{"line":162,"column":27}},"104":{"start":{"line":174,"column":12},"end":{"line":182,"column":15}},"105":{"start":{"line":175,"column":16},"end":{"line":181,"column":19}},"106":{"start":{"line":176,"column":20},"end":{"line":180,"column":21}},"107":{"start":{"line":177,"column":24},"end":{"line":177,"column":36}},"108":{"start":{"line":179,"column":24},"end":{"line":179,"column":46}},"109":{"start":{"line":195,"column":24},"end":{"line":195,"column":28}},"110":{"start":{"line":197,"column":12},"end":{"line":223,"column":15}},"111":{"start":{"line":198,"column":16},"end":{"line":222,"column":19}},"112":{"start":{"line":199,"column":20},"end":{"line":219,"column":21}},"113":{"start":{"line":200,"column":24},"end":{"line":208,"column":27}},"114":{"start":{"line":201,"column":28},"end":{"line":201,"column":45}},"115":{"start":{"line":202,"column":28},"end":{"line":207,"column":29}},"116":{"start":{"line":203,"column":32},"end":{"line":203,"column":49}},"117":{"start":{"line":204,"column":32},"end":{"line":204,"column":44}},"118":{"start":{"line":206,"column":32},"end":{"line":206,"column":48}},"119":{"start":{"line":210,"column":24},"end":{"line":218,"column":27}},"120":{"start":{"line":211,"column":28},"end":{"line":211,"column":45}},"121":{"start":{"line":212,"column":28},"end":{"line":217,"column":29}},"122":{"start":{"line":213,"column":32},"end":{"line":213,"column":49}},"123":{"start":{"line":214,"column":32},"end":{"line":214,"column":44}},"124":{"start":{"line":216,"column":32},"end":{"line":216,"column":48}},"125":{"start":{"line":221,"column":20},"end":{"line":221,"column":32}},"126":{"start":{"line":236,"column":22},"end":{"line":236,"column":79}},"127":{"start":{"line":237,"column":12},"end":{"line":245,"column":15}},"128":{"start":{"line":238,"column":16},"end":{"line":244,"column":19}},"129":{"start":{"line":239,"column":20},"end":{"line":243,"column":21}},"130":{"start":{"line":240,"column":24},"end":{"line":240,"column":36}},"131":{"start":{"line":242,"column":24},"end":{"line":242,"column":39}},"132":{"start":{"line":250,"column":12},"end":{"line":254,"column":13}},"133":{"start":{"line":251,"column":16},"end":{"line":251,"column":44}},"134":{"start":{"line":252,"column":16},"end":{"line":252,"column":66}},"135":{"start":{"line":253,"column":16},"end":{"line":253,"column":72}},"136":{"start":{"line":255,"column":12},"end":{"line":255,"column":40}},"137":{"start":{"line":256,"column":12},"end":{"line":256,"column":62}},"138":{"start":{"line":257,"column":12},"end":{"line":257,"column":50}},"139":{"start":{"line":261,"column":4},"end":{"line":261,"column":19}},"140":{"start":{"line":264,"column":0},"end":{"line":264,"column":32}}},"fnMap":{"0":{"name":"(anonymous_0)","decl":{"start":{"line":7,"column":84},"end":{"line":7,"column":85}},"loc":{"start":{"line":7,"column":99},"end":{"line":7,"column":121}},"line":7},"1":{"name":"(anonymous_1)","decl":{"start":{"line":7,"column":124},"end":{"line":7,"column":125}},"loc":{"start":{"line":7,"column":139},"end":{"line":7,"column":268}},"line":7},"2":{"name":"(anonymous_2)","decl":{"start":{"line":9,"column":19},"end":{"line":9,"column":20}},"loc":{"start":{"line":9,"column":31},"end":{"line":9,"column":561}},"line":9},"3":{"name":"defineProperties","decl":{"start":{"line":9,"column":42},"end":{"line":9,"column":58}},"loc":{"start":{"line":9,"column":74},"end":{"line":9,"column":349}},"line":9},"4":{"name":"(anonymous_4)","decl":{"start":{"line":9,"column":357},"end":{"line":9,"column":358}},"loc":{"start":{"line":9,"column":405},"end":{"line":9,"column":558}},"line":9},"5":{"name":"_interopRequireDefault","decl":{"start":{"line":23,"column":9},"end":{"line":23,"column":31}},"loc":{"start":{"line":23,"column":37},"end":{"line":23,"column":95}},"line":23},"6":{"name":"_classCallCheck","decl":{"start":{"line":25,"column":9},"end":{"line":25,"column":24}},"loc":{"start":{"line":25,"column":48},"end":{"line":25,"column":153}},"line":25},"7":{"name":"(anonymous_7)","decl":{"start":{"line":34,"column":14},"end":{"line":34,"column":15}},"loc":{"start":{"line":34,"column":26},"end":{"line":262,"column":1}},"line":34},"8":{"name":"Helpers","decl":{"start":{"line":35,"column":13},"end":{"line":35,"column":20}},"loc":{"start":{"line":35,"column":23},"end":{"line":41,"column":5}},"line":35},"9":{"name":"trimWhiteSpace","decl":{"start":{"line":45,"column":24},"end":{"line":45,"column":38}},"loc":{"start":{"line":45,"column":44},"end":{"line":57,"column":9}},"line":45},"10":{"name":"(anonymous_10)","decl":{"start":{"line":48,"column":41},"end":{"line":48,"column":42}},"loc":{"start":{"line":48,"column":56},"end":{"line":52,"column":17}},"line":48},"11":{"name":"validateKey","decl":{"start":{"line":60,"column":24},"end":{"line":60,"column":35}},"loc":{"start":{"line":60,"column":47},"end":{"line":87,"column":9}},"line":60},"12":{"name":"validateInput","decl":{"start":{"line":90,"column":24},"end":{"line":90,"column":37}},"loc":{"start":{"line":90,"column":48},"end":{"line":143,"column":9}},"line":90},"13":{"name":"veryifyToken","decl":{"start":{"line":146,"column":24},"end":{"line":146,"column":36}},"loc":{"start":{"line":146,"column":53},"end":{"line":165,"column":9}},"line":146},"14":{"name":"(anonymous_14)","decl":{"start":{"line":155,"column":65},"end":{"line":155,"column":66}},"loc":{"start":{"line":155,"column":90},"end":{"line":163,"column":17}},"line":155},"15":{"name":"connectToDb","decl":{"start":{"line":173,"column":24},"end":{"line":173,"column":35}},"loc":{"start":{"line":173,"column":38},"end":{"line":183,"column":9}},"line":173},"16":{"name":"(anonymous_16)","decl":{"start":{"line":174,"column":31},"end":{"line":174,"column":32}},"loc":{"start":{"line":174,"column":58},"end":{"line":182,"column":13}},"line":174},"17":{"name":"(anonymous_17)","decl":{"start":{"line":175,"column":53},"end":{"line":175,"column":54}},"loc":{"start":{"line":175,"column":82},"end":{"line":181,"column":17}},"line":175},"18":{"name":"executeQuery","decl":{"start":{"line":194,"column":24},"end":{"line":194,"column":36}},"loc":{"start":{"line":194,"column":50},"end":{"line":224,"column":9}},"line":194},"19":{"name":"(anonymous_19)","decl":{"start":{"line":197,"column":31},"end":{"line":197,"column":32}},"loc":{"start":{"line":197,"column":58},"end":{"line":223,"column":13}},"line":197},"20":{"name":"(anonymous_20)","decl":{"start":{"line":198,"column":41},"end":{"line":198,"column":42}},"loc":{"start":{"line":198,"column":65},"end":{"line":220,"column":17}},"line":198},"21":{"name":"(anonymous_21)","decl":{"start":{"line":200,"column":50},"end":{"line":200,"column":51}},"loc":{"start":{"line":200,"column":73},"end":{"line":208,"column":25}},"line":200},"22":{"name":"(anonymous_22)","decl":{"start":{"line":210,"column":42},"end":{"line":210,"column":43}},"loc":{"start":{"line":210,"column":65},"end":{"line":218,"column":25}},"line":210},"23":{"name":"(anonymous_23)","decl":{"start":{"line":220,"column":25},"end":{"line":220,"column":26}},"loc":{"start":{"line":220,"column":40},"end":{"line":222,"column":17}},"line":220},"24":{"name":"assignToken","decl":{"start":{"line":235,"column":24},"end":{"line":235,"column":35}},"loc":{"start":{"line":235,"column":45},"end":{"line":246,"column":9}},"line":235},"25":{"name":"(anonymous_25)","decl":{"start":{"line":237,"column":31},"end":{"line":237,"column":32}},"loc":{"start":{"line":237,"column":58},"end":{"line":245,"column":13}},"line":237},"26":{"name":"(anonymous_26)","decl":{"start":{"line":238,"column":83},"end":{"line":238,"column":84}},"loc":{"start":{"line":238,"column":105},"end":{"line":244,"column":17}},"line":238},"27":{"name":"displayMessage","decl":{"start":{"line":249,"column":24},"end":{"line":249,"column":38}},"loc":{"start":{"line":249,"column":74},"end":{"line":258,"column":9}},"line":249}},"branchMap":{"0":{"loc":{"start":{"line":7,"column":14},"end":{"line":7,"column":268}},"type":"cond-expr","locations":[{"start":{"line":7,"column":84},"end":{"line":7,"column":121}},{"start":{"line":7,"column":124},"end":{"line":7,"column":268}}],"line":7},"1":{"loc":{"start":{"line":7,"column":14},"end":{"line":7,"column":81}},"type":"binary-expr","locations":[{"start":{"line":7,"column":14},"end":{"line":7,"column":42}},{"start":{"line":7,"column":46},"end":{"line":7,"column":81}}],"line":7},"2":{"loc":{"start":{"line":7,"column":148},"end":{"line":7,"column":265}},"type":"cond-expr","locations":[{"start":{"line":7,"column":244},"end":{"line":7,"column":252}},{"start":{"line":7,"column":255},"end":{"line":7,"column":265}}],"line":7},"3":{"loc":{"start":{"line":7,"column":148},"end":{"line":7,"column":241}},"type":"binary-expr","locations":[{"start":{"line":7,"column":148},"end":{"line":7,"column":151}},{"start":{"line":7,"column":155},"end":{"line":7,"column":183}},{"start":{"line":7,"column":187},"end":{"line":7,"column":213}},{"start":{"line":7,"column":217},"end":{"line":7,"column":241}}],"line":7},"4":{"loc":{"start":{"line":9,"column":168},"end":{"line":9,"column":198}},"type":"binary-expr","locations":[{"start":{"line":9,"column":168},"end":{"line":9,"column":189}},{"start":{"line":9,"column":193},"end":{"line":9,"column":198}}],"line":9},"5":{"loc":{"start":{"line":9,"column":232},"end":{"line":9,"column":286}},"type":"if","locations":[{"start":{"line":9,"column":232},"end":{"line":9,"column":286}},{"start":{"line":9,"column":232},"end":{"line":9,"column":286}}],"line":9},"6":{"loc":{"start":{"line":9,"column":407},"end":{"line":9,"column":475}},"type":"if","locations":[{"start":{"line":9,"column":407},"end":{"line":9,"column":475}},{"start":{"line":9,"column":407},"end":{"line":9,"column":475}}],"line":9},"7":{"loc":{"start":{"line":9,"column":476},"end":{"line":9,"column":536}},"type":"if","locations":[{"start":{"line":9,"column":476},"end":{"line":9,"column":536}},{"start":{"line":9,"column":476},"end":{"line":9,"column":536}}],"line":9},"8":{"loc":{"start":{"line":23,"column":46},"end":{"line":23,"column":92}},"type":"cond-expr","locations":[{"start":{"line":23,"column":70},"end":{"line":23,"column":73}},{"start":{"line":23,"column":76},"end":{"line":23,"column":92}}],"line":23},"9":{"loc":{"start":{"line":23,"column":46},"end":{"line":23,"column":67}},"type":"binary-expr","locations":[{"start":{"line":23,"column":46},"end":{"line":23,"column":49}},{"start":{"line":23,"column":53},"end":{"line":23,"column":67}}],"line":23},"10":{"loc":{"start":{"line":25,"column":50},"end":{"line":25,"column":151}},"type":"if","locations":[{"start":{"line":25,"column":50},"end":{"line":25,"column":151}},{"start":{"line":25,"column":50},"end":{"line":25,"column":151}}],"line":25},"11":{"loc":{"start":{"line":46,"column":12},"end":{"line":56,"column":13}},"type":"if","locations":[{"start":{"line":46,"column":12},"end":{"line":56,"column":13}},{"start":{"line":46,"column":12},"end":{"line":56,"column":13}}],"line":46},"12":{"loc":{"start":{"line":46,"column":16},"end":{"line":46,"column":167}},"type":"binary-expr","locations":[{"start":{"line":46,"column":16},"end":{"line":46,"column":42}},{"start":{"line":46,"column":46},"end":{"line":46,"column":56}},{"start":{"line":46,"column":60},"end":{"line":46,"column":130}},{"start":{"line":46,"column":134},"end":{"line":46,"column":167}}],"line":46},"13":{"loc":{"start":{"line":46,"column":61},"end":{"line":46,"column":116}},"type":"cond-expr","locations":[{"start":{"line":46,"column":90},"end":{"line":46,"column":101}},{"start":{"line":46,"column":104},"end":{"line":46,"column":116}}],"line":46},"14":{"loc":{"start":{"line":49,"column":20},"end":{"line":51,"column":21}},"type":"if","locations":[{"start":{"line":49,"column":20},"end":{"line":51,"column":21}},{"start":{"line":49,"column":20},"end":{"line":51,"column":21}}],"line":49},"15":{"loc":{"start":{"line":61,"column":12},"end":{"line":86,"column":13}},"type":"if","locations":[{"start":{"line":61,"column":12},"end":{"line":86,"column":13}},{"start":{"line":61,"column":12},"end":{"line":86,"column":13}}],"line":61},"16":{"loc":{"start":{"line":61,"column":16},"end":{"line":61,"column":79}},"type":"binary-expr","locations":[{"start":{"line":61,"column":16},"end":{"line":61,"column":42}},{"start":{"line":61,"column":46},"end":{"line":61,"column":79}}],"line":61},"17":{"loc":{"start":{"line":65,"column":16},"end":{"line":85,"column":17}},"type":"if","locations":[{"start":{"line":65,"column":16},"end":{"line":85,"column":17}},{"start":{"line":65,"column":16},"end":{"line":85,"column":17}}],"line":65},"18":{"loc":{"start":{"line":72,"column":28},"end":{"line":74,"column":29}},"type":"if","locations":[{"start":{"line":72,"column":28},"end":{"line":74,"column":29}},{"start":{"line":72,"column":28},"end":{"line":74,"column":29}}],"line":72},"19":{"loc":{"start":{"line":76,"column":24},"end":{"line":78,"column":25}},"type":"if","locations":[{"start":{"line":76,"column":24},"end":{"line":78,"column":25}},{"start":{"line":76,"column":24},"end":{"line":78,"column":25}}],"line":76},"20":{"loc":{"start":{"line":80,"column":20},"end":{"line":84,"column":21}},"type":"if","locations":[{"start":{"line":80,"column":20},"end":{"line":84,"column":21}},{"start":{"line":80,"column":20},"end":{"line":84,"column":21}}],"line":80},"21":{"loc":{"start":{"line":91,"column":12},"end":{"line":142,"column":13}},"type":"if","locations":[{"start":{"line":91,"column":12},"end":{"line":142,"column":13}},{"start":{"line":91,"column":12},"end":{"line":142,"column":13}}],"line":91},"22":{"loc":{"start":{"line":91,"column":16},"end":{"line":91,"column":167}},"type":"binary-expr","locations":[{"start":{"line":91,"column":16},"end":{"line":91,"column":42}},{"start":{"line":91,"column":46},"end":{"line":91,"column":56}},{"start":{"line":91,"column":60},"end":{"line":91,"column":130}},{"start":{"line":91,"column":134},"end":{"line":91,"column":167}}],"line":91},"23":{"loc":{"start":{"line":91,"column":61},"end":{"line":91,"column":116}},"type":"cond-expr","locations":[{"start":{"line":91,"column":90},"end":{"line":91,"column":101}},{"start":{"line":91,"column":104},"end":{"line":91,"column":116}}],"line":91},"24":{"loc":{"start":{"line":95,"column":20},"end":{"line":102,"column":21}},"type":"if","locations":[{"start":{"line":95,"column":20},"end":{"line":102,"column":21}},{"start":{"line":95,"column":20},"end":{"line":102,"column":21}}],"line":95},"25":{"loc":{"start":{"line":95,"column":24},"end":{"line":95,"column":9
[...]
{"line":14,"column":92}}],"line":14},"1":{"loc":{"start":{"line":14,"column":46},"end":{"line":14,"column":67}},"type":"binary-expr","locations":[{"start":{"line":14,"column":46},"end":{"line":14,"column":49}},{"start":{"line":14,"column":53},"end":{"line":14,"column":67}}],"line":14},"2":{"loc":{"start":{"line":17,"column":4},"end":{"line":50,"column":5}},"type":"if","locations":[{"start":{"line":17,"column":4},"end":{"line":50,"column":5}},{"start":{"line":17,"column":4},"end":{"line":50,"column":5}}],"line":17},"3":{"loc":{"start":{"line":18,"column":8},"end":{"line":43,"column":9}},"type":"if","locations":[{"start":{"line":18,"column":8},"end":{"line":43,"column":9}},{"start":{"line":18,"column":8},"end":{"line":43,"column":9}}],"line":18},"4":{"loc":{"start":{"line":19,"column":12},"end":{"line":36,"column":13}},"type":"if","locations":[{"start":{"line":19,"column":12},"end":{"line":36,"column":13}},{"start":{"line":19,"column":12},"end":{"line":36,"column":13}}],"line":19},"5":{"loc":{"start":{"line":71,"column":8},"end":{"line":79,"column":9}},"type":"if","locations":[{"start":{"line":71,"column":8},"end":{"line":79,"column":9}},{"start":{"line":71,"column":8},"end":{"line":79,"column":9}}],"line":71}},"s":{"0":1,"1":1,"2":1,"3":1,"4":1,"5":1,"6":1,"7":6,"8":6,"9":6,"10":6,"11":6,"12":6,"13":0,"14":0,"15":0,"16":0,"17":0,"18":0,"19":0,"20":0,"21":0,"22":0,"23":0,"24":1,"25":6,"26":6,"27":6,"28":6,"29":0,"30":1,"31":6,"32":6,"33":6,"34":6,"35":6,"36":6,"37":0,"38":0,"39":1,"40":6,"41":6,"42":6,"43":1,"44":6,"45":6,"46":6,"47":6,"48":0,"49":1,"50":0,"51":0,"52":0,"53":1,"54":6,"55":6,"56":6,"57":6,"58":0},"f":{"0":1,"1":6,"2":6,"3":6,"4":0,"5":0,"6":6,"7":6,"8":6,"9":0,"10":6,"11":6,"12":6,"13":0,"14":6,"15":6,"16":6,"17":6,"18":0,"19":0,"20":6,"21":6,"22":6,"23":0},"b":{"0":[1,0],"1":[1,1],"2":[6,0],"3":[6,0],"4":[6,0],"5":[6,0]},"_coverageSchema":"d34fc3e6b8297bcde183f5492bcb8fcb36775295","hash":"3ebec17d22cd3cd13bb920eb7163f668cdf5c337","contentHash":"fe64c01484aba0da6aefa9f4d3bf04db"},"C:\\Users\\Kazom\\Documents\\andela-21\\sweet-spicy\\server\\Controller\\constants.js":{"path":"C:\\Users\\Kazom\\Documents\\andela-21\\sweet-spicy\\server\\Controller\\constants.js","statementMap":{"0":{"start":{"line":3,"column":0},"end":{"line":5,"column":3}},"1":{"start":{"line":6,"column":17},"end":{"line":6,"column":39}},"2":{"start":{"line":7,"column":15},"end":{"line":7,"column":40}},"3":{"start":{"line":8,"column":17},"end":{"line":8,"column":50}},"4":{"start":{"line":9,"column":16},"end":{"line":9,"column":47}},"5":{"start":{"line":10,"column":15},"end":{"line":10,"column":44}}},"fnMap":{},"branchMap":{},"s":{"0":1,"1":1,"2":1,"3":1,"4":1,"5":1},"f":{},"b":{},"_coverageSchema":"d34fc3e6b8297bcde183f5492bcb8fcb36775295","hash":"76f15693802d5fd0b0eaf0f255ec70b0a7e0c401","contentHash":"25108dbd53c208ae7e16b91723b493e2"},"C:\\Users\\Kazom\\Documents\\andela-21\\sweet-spicy\\server\\Controller\\addToMenu.js":{"path":"C:\\Users\\Kazom\\Documents\\andela-21\\sweet-spicy\\server\\Controller\\addToMenu.js","statementMap":{"0":{"start":{"line":3,"column":0},"end":{"line":5,"column":3}},"1":{"start":{"line":6,"column":0},"end":{"line":6,"column":30}},"2":{"start":{"line":8,"column":12},"end":{"line":8,"column":27}},"3":{"start":{"line":10,"column":13},"end":{"line":10,"column":42}},"4":{"start":{"line":12,"column":14},"end":{"line":12,"column":31}},"5":{"start":{"line":14,"column":15},"end":{"line":14,"column":46}},"6":{"start":{"line":16,"column":15},"end":{"line":16,"column":36}},"7":{"start":{"line":18,"column":16},"end":{"line":18,"column":48}},"8":{"start":{"line":20,"column":18},"end":{"line":20,"column":42}},"9":{"start":{"line":22,"column":39},"end":{"line":22,"column":93}},"10":{"start":{"line":24,"column":25},"end":{"line":24,"column":27}},"11":{"start":{"line":30,"column":16},"end":{"line":40,"column":1}},"12":{"start":{"line":31,"column":4},"end":{"line":39,"column":5}},"13":{"start":{"line":32,"column":8},"end":{"line":38,"column":11}},"14":{"start":{"line":33,"column":12},"end":{"line":37,"column":13}},"15":{"start":{"line":34,"column":16},"end":{"line":34,"column":82}},"16":{"start":{"line":36,"column":16},"end":{"line":36,"column":43}},"17":{"start":{"line":48,"column":23},"end":{"line":62,"column":1}},"18":{"start":{"line":49,"column":18},"end":{"line":49,"column":60}},"19":{"start":{"line":50,"column":4},"end":{"line":52,"column":5}},"20":{"start":{"line":51,"column":8},"end":{"line":51,"column":101}},"21":{"start":{"line":53,"column":4},"end":{"line":61,"column":5}},"22":{"start":{"line":54,"column":25},"end":{"line":54,"column":53}},"23":{"start":{"line":55,"column":18},"end":{"line":55,"column":187}},"24":{"start":{"line":56,"column":8},"end":{"line":60,"column":11}},"25":{"start":{"line":57,"column":12},"end":{"line":57,"column":83}},"26":{"start":{"line":59,"column":12},"end":{"line":59,"column":101}},"27":{"start":{"line":67,"column":14},"end":{"line":75,"column":2}},"28":{"start":{"line":69,"column":8},"end":{"line":69,"column":83}},"29":{"start":{"line":72,"column":8},"end":{"line":72,"column":124}},"30":{"start":{"line":73,"column":8},"end":{"line":73,"column":42}},"31":{"start":{"line":80,"column":20},"end":{"line":86,"column":20}},"32":{"start":{"line":84,"column":8},"end":{"line":84,"column":32}},"33":{"start":{"line":90,"column":20},"end":{"line":99,"column":1}},"34":{"start":{"line":91,"column":20},"end":{"line":91,"column":42}},"35":{"start":{"line":92,"column":18},"end":{"line":92,"column":89}},"36":{"start":{"line":93,"column":19},"end":{"line":93,"column":48}},"37":{"start":{"line":94,"column":4},"end":{"line":98,"column":5}},"38":{"start":{"line":95,"column":8},"end":{"line":95,"column":50}},"39":{"start":{"line":97,"column":8},"end":{"line":97,"column":26}}},"fnMap":{"0":{"name":"_interopRequireDefault","decl":{"start":{"line":22,"column":9},"end":{"line":22,"column":31}},"loc":{"start":{"line":22,"column":37},"end":{"line":22,"column":95}},"line":22},"1":{"name":"addToMenu","decl":{"start":{"line":30,"column":45},"end":{"line":30,"column":54}},"loc":{"start":{"line":30,"column":65},"end":{"line":40,"column":1}},"line":30},"2":{"name":"(anonymous_2)","decl":{"start":{"line":32,"column":32},"end":{"line":32,"column":33}},"loc":{"start":{"line":32,"column":57},"end":{"line":38,"column":9}},"line":32},"3":{"name":"uploadToDatabase","decl":{"start":{"line":48,"column":32},"end":{"line":48,"column":48}},"loc":{"start":{"line":48,"column":59},"end":{"line":62,"column":1}},"line":48},"4":{"name":"(anonymous_4)","decl":{"start":{"line":56,"column":49},"end":{"line":56,"column":50}},"loc":{"start":{"line":56,"column":61},"end":{"line":58,"column":9}},"line":56},"5":{"name":"(anonymous_5)","decl":{"start":{"line":58,"column":17},"end":{"line":58,"column":18}},"loc":{"start":{"line":58,"column":29},"end":{"line":60,"column":9}},"line":58},"6":{"name":"destination","decl":{"start":{"line":68,"column":26},"end":{"line":68,"column":37}},"loc":{"start":{"line":68,"column":53},"end":{"line":70,"column":5}},"line":68},"7":{"name":"filename","decl":{"start":{"line":71,"column":23},"end":{"line":71,"column":31}},"loc":{"start":{"line":71,"column":47},"end":{"line":74,"column":5}},"line":71},"8":{"name":"fileFilter","decl":{"start":{"line":83,"column":25},"end":{"line":83,"column":35}},"loc":{"start":{"line":83,"column":51},"end":{"line":85,"column":5}},"line":83},"9":{"name":"checkFileType","decl":{"start":{"line":90,"column":29},"end":{"line":90,"column":42}},"loc":{"start":{"line":90,"column":53},"end":{"line":99,"column":1}},"line":90}},"branchMap":{"0":{"loc":{"start":{"line":22,"column":46},"end":{"line":22,"column":92}},"type":"cond-expr","locations":[{"start":{"line":22,"column":70},"end":{"line":22,"column":73}},{"start":{"line":22,"column":76},"end":{"line":22,"column":92}}],"line":22},"1":{"loc":{"start":{"line":22,"column":46},"end":{"line":22,"column":67}},"type":"binary-expr","locations":[{"start":{"line":22,"column":46},"end":{"line":22,"column":49}},{"start":{"line":22,"column":53},"end":{"line":22,"column":67}}],"line":22},"2":{"loc":{"start":{"line":31,"column":4},"end":{"line":39,"column":5}},"type":"if","locations":[{"start":{"line":31,"column":4},"end":{"line":39,"column":5}},{"start":{"line":31,"column":4},"end":{"line":39,"column":5}}],"line":31},"3":{"loc":{"start":{"line":33,"column":12},"end":{"line":37,"column":13}},"type":"if","locations":[{"start":{"line":33,"column":12},"end":{"line":37,"column":13}},{"start":{"line":33,"column":12},"end":{"line":37,"column":13}}],"line":33},"4":{"loc":{"start":{"line":50,"column":4},"end":{"line":52,"column":5}},"type":"if","locations":[{"start":{"line":50,"column":4},"end":{"line":52,"column":5}},{"start":{"line":50,"column":4},"end":{"line":52,"column":5}}],"line":50},"5":{"loc":{"start":{"line":53,"column":4},"end":{"line":61,"column":5}},"type":"if","locations":[{"start":{"line":53,"column":4},"end":{"line":61,"column":5}},{"start":{"line":53,"column":4},"end":{"line":61,"column":5}}],"line":53},"6":{"loc":{"start":{"line":94,"column":4},"end":{"line":98,"column":5}},"type":"if","locations":[{"start":{"line":94,"column":4},"end":{"line":98,"column":5}},{"start":{"line":94,"column":4},"end":{"line":98,"column":5}}],"line":94},"7":{"loc":{"start":{"line":94,"column":8},"end":{"line":94,"column":27}},"type":"binary-expr","locations":[{"start":{"line":94,"column":8},"end":{"line":94,"column":15}},{"start":{"line":94,"column":19},"end":{"line":94,"column":27}}],"line":94}},"s":{"0":1,"1":1,"2":1,"3":1,"4":1,"5":1,"6":1,"7":1,"8":1,"9":3,"10":1,"11":1,"12":2,"13":2,"14":2,"15":2,"16":0,"17":1,"18":0,"19":0,"20":0,"21":0,"22":0,"23":0,"24":0,"25":0,"26":0,"27":1,"28":0,"29":0,"30":0,"31":1,"32":0,"33":1,"34":0,"35":0,"36":0,"37":0,"38":0,"39":0},"f":{"0":3,"1":2,"2":2,"3":0,"4":0,"5":0,"6":0,"7":0,"8":0,"9":0},"b":{"0":[1,2],"1":[3,3],"2":[2,0],"3":[2,0],"4":[0,0],"5":[0,0],"6":[0,0],"7":[0,0]},"_coverageSchema":"d34fc3e6b8297bcde183f5492bcb8fcb36775295","hash":"1bc29cfa8f0da887a33b7dc7a435823fe830052a","contentHash":"23cf37760fda2f9d72264bd15a45ed11"},"C:\\Users\\Kazom\\Documents\\andela-21\\sweet-spicy\\server\\Controller\\UploadHandler.js":{"path":"C:\\Users\\Kazom\\Documents\\andela-21\\sweet-spicy\\server\\Controller\\UploadHandler.js","statementMap":{"0":{"start":{"line":3,"column":0},"end":{"line":5,"column":3}},"1":{"start":{"line":6,"column":0},"end":{"line":6,"column":53}},"2":{"start":{"line":8,"column":14},"end":{"line":8,"column":31}},"3":{"start":{"line":10,"column":15},"end":{"line":10,"column":46}},"4":{"start":{"line":12,"column":12},"end":{"line":12,"column":27}},"5":{"start":{"line":14,"column":13},"end":{"line":14,"column":42}},"6":{"start":{"line":16,"column":39},"end":{"line":16,"column":93}},"7":{"start":{"line":18,"column":25},"end":{"line":18,"column":27}},"8":{"start":{"line":19,"column":14},"end":{"line":28,"column":2}},"9":{"start":{"line":21,"column":8},"end":{"line":21,"column":47}},"10":{"start":{"line":22,"column":8},"end":{"line":22,"column":83}},"11":{"start":{"line":25,"column":8},"end":{"line":25,"column":124}},"12":{"start":{"line":26,"column":8},"end":{"line":26,"column":42}},"13":{"start":{"line":30,"column":20},"end":{"line":37,"column":20}},"14":{"start":{"line":34,"column":8},"end":{"line":34,"column":26}},"15":{"start":{"line":35,"column":8},"end":{"line":35,"column":32}},"16":{"start":{"line":38,"column":15},"end":{"line":38,"column":81}},"17":{"start":{"line":39,"column":20},"end":{"line":48,"column":1}},"18":{"start":{"line":40,"column":20},"end":{"line":40,"column":42}},"19":{"start":{"line":41,"column":18},"end":{"line":41,"column":89}},"20":{"start":{"line":42,"column":19},"end":{"line":42,"column":48}},"21":{"start":{"line":43,"column":4},"end":{"line":47,"column":5}},"22":{"start":{"line":44,"column":8},"end":{"line":44,"column":50}},"23":{"start":{"line":46,"column":8},"end":{"line":46,"column":26}}},"fnMap":{"0":{"name":"_interopRequireDefault","decl":{"start":{"line":16,"column":9},"end":{"line":16,"column":31}},"loc":{"start":{"line":16,"column":37},"end":{"line":16,"column":95}},"line":16},"1":{"name":"destination","decl":{"start":{"line":20,"column":26},"end":{"line":20,"column":37}},"loc":{"start":{"line":20,"column":53},"end":{"line":23,"column":5}},"line":20},"2":{"name":"filename","decl":{"start":{"line":24,"column":23},"end":{"line":24,"column":31}},"loc":{"start":{"line":24,"column":47},"end":{"line":27,"column":5}},"line":24},"3":{"name":"fileFilter","decl":{"start":{"line":33,"column":25},"end":{"line":33,"column":35}},"loc":{"start":{"line":33,"column":51},"end":{"line":36,"column":5}},"line":33},"4":{"name":"checkFileType","decl":{"start":{"line":39,"column":29},"end":{"line":39,"column":42}},"loc":{"start":{"line":39,"column":53},"end":{"line":48,"column":1}},"line":39}},"branchMap":{"0":{"loc":{"start":{"line":16,"column":46},"end":{"line":16,"column":92}},"type":"cond-expr","locations":[{"start":{"line":16,"column":70},"end":{"line":16,"column":73}},{"start":{"line":16,"column":76},"end":{"line":16,"column":92}}],"line":16},"1":{"loc":{"start":{"line":16,"column":46},"end":{"line":16,"column":67}},"type":"binary-expr","locations":[{"start":{"line":16,"column":46},"end":{"line":16,"column":49}},{"start":{"line":16,"column":53},"end":{"line":16,"column":67}}],"line":16},"2":{"loc":{"start":{"line":38,"column":34},"end":{"line":38,"column":81}},"type":"cond-expr","locations":[{"start":{"line":38,"column":55},"end":{"line":38,"column":73}},{"start":{"line":38,"column":76},"end":{"line":38,"column":81}}],"line":38},"3":{"loc":{"start":{"line":43,"column":4},"end":{"line":47,"column":5}},"type":"if","locations":[{"start":{"line":43,"column":4},"end":{"line":47,"column":5}},{"start":{"line":43,"column":4},"end":{"line":47,"column":5}}],"line":43},"4":{"loc":{"start":{"line":43,"column":8},"end":{"line":43,"column":27}},"type":"binary-expr","locations":[{"start":{"line":43,"column":8},"end":{"line":43,"column":15}},{"start":{"line":43,"column":19},"end":{"line":43,"column":27}}],"line":43}},"s":{"0":1,"1":1,"2":1,"3":1,"4":1,"5":1,"6":2,"7":1,"8":1,"9":0,"10":0,"11":0,"12":0,"13":1,"14":0,"15":0,"16":1,"17":1,"18":0,"19":0,"20":0,"21":0,"22":0,"23":0},"f":{"0":2,"1":0,"2":0,"3":0,"4":0},"b":{"0":[0,2],"1":[2,2],"2":[0,1],"3":[0,0],"4":[0,0]},"_coverageSchema":"d34fc3e6b8297bcde183f5492bcb8fcb36775295","hash":"ebd61107fbb76fb0c480aac4ab9cbd24386967d8","contentHash":"980d307fefdd36585da82c59e55b0f2e"},"C:\\Users\\Kazom\\Documents\\andela-21\\sweet-spicy\\server\\route\\auth.js":{"path":"C:\\Users\\Kazom\\Documents\\andela-21\\sweet-spicy\\server\\route\\auth.js","statementMap":{"0":{"start":{"line":3,"column":0},"end":{"line":5,"column":3}},"1":{"start":{"line":7,"column":15},"end":{"line":7,"column":33}},"2":{"start":{"line":9,"column":16},"end":{"line":9,"column":48}},"3":{"start":{"line":11,"column":18},"end":{"line":11,"column":42}},"4":{"start":{"line":13,"column":39},"end":{"line":13,"column":93}},"5":{"start":{"line":15,"column":13},"end":{"line":15,"column":39}},"6":{"start":{"line":17,"column":0},"end":{"line":17,"column":45}},"7":{"start":{"line":18,"column":0},"end":{"line":18,"column":43}},"8":{"start":{"line":19,"column":0},"end":{"line":19,"column":25}}},"fnMap":{"0":{"name":"_interopRequireDefault","decl":{"start":{"line":13,"column":9},"end":{"line":13,"column":31}},"loc":{"start":{"line":13,"column":37},"end":{"line":13,"column":95}},"line":13}},"branchMap":{"0":{"loc":{"start":{"line":13,"column":46},"end":{"line":13,"column":92}},"type":"cond-expr","locations":[{"start":{"line":13,"column":70},"end":{"line":13,"column":73}},{"start":{"line":13,"column":76},"end":{"line":13,"column":92}}],"line":13},"1":{"loc":{"start":{"line":13,"column":46},"end":{"line":13,"column":67}},"type":"binary-expr","locations":[{"start":{"line":13,"column":46},"end":{"line":13,"column":49}},{"start":{"line":13,"column":53},"end":{"line":13,"column":67}}],"line":13}},"s":{"0":1,"1":1,"2":1,"3":1,"4":1,"5":1,"6":1,"7":1,"8":1},"f":{"0":1},"b":{"0":[0,1],"1":[1,1]},"_coverageSchema":"d34fc3e6b8297bcde183f5492bcb8fcb36775295","hash":"ea29d48f729d9794f34d82ba3a958371100abe4a","contentHash":"fddbf3614fb8d956e46d53de25ad76fe"},"C:\\Users\\Kazom\\Documents\\andela-21\\sweet-spicy\\server\\route\\menuRoute.js":{"path":"C:\\Users\\Kazom\\Documents\\andela-21\\sweet-spicy\\server\\route\\menuRoute.js","statementMap":{"0":{"start":{"line":3,"column":0},"end":{"line":5,"column":3}},"1":{"start":{"line":7,"column":15},"end":{"line":7,"column":33}},"2":{"start":{"line":9,"column":16},"end":{"line":9,"column":48}},"3":{"start":{"line":11,"column":18},"end":{"line":11,"column":42}},"4":{"start":{"line":13,"column":15},"end":{"line":13,"column":36}},"5":{"start":{"line":15,"column":16},"end":{"line":15,"column":48}},"6":{"start":{"line":17,"column":39},"end":{"line":17,"column":93}},"7":{"start":{"line":20,"column":13},"end":{"line":20,"column":39}},"8":{"start":{"line":22,"column":0},"end":{"line":22,"column":37}},"9":{"start":{"line":23,"column":0},"end":{"line":23,"column":72}},"10":{"start":{"line":25,"column":0},"end":{"line":25,"column":25}}},"fnMap":{"0":{"name":"_interopRequireDefault","decl":{"start":{"line":17,"column":9},"end":{"line":17,"column":31}},"loc":{"start":{"line":17,"column":37},"end":{"line":17,"column":95}},"line":17}},"branchMap":{"0":{"loc":{"start":{"line":17,"column":46},"end":{"line":17,"column":92}},"type":"cond-expr","locations":[{"start":{"line":17,"column":70},"end":{"line":17,"column":73}},{"start":{"line":17,"column":76},"end":{"line":17,"column":92}}],"line":17},"1":{"loc":{"start":{"line":17,"column":46},"end":{"line":17,"column":67}},"type":"binary-expr","locations":[{"start":{"line":17,"column":46},"end":{"line":17,"column":49}},{"start":{"line":17,"column":53},"end":{"line":17,"column":67}}],"line":17}},"s":{"0":1,"1":1,"2":1,"3":1,"4":1,"5":1,"6":2,"7":1,"8":1,"9":1,"10":1},"f":{"0":2},"b":{"0":[1,1],"1":[2,2]},"_coverageSchema":"d34fc3e6b8297bcde183f5492bcb8fcb36775295","hash":"048160ac2e4e0a83c2bc64bb36bc9094d84defde","contentHash":"b25f5e92949b3be4ed2f8d6fb6dad571"},"C:\\Users\\Kazom\\Documents\\andela-21\\sweet-spicy\\server\\route\\userRoute.js":{"path":"C:\\Users\\Kazom\\Documents\\andela-21\\sweet-spicy\\server\\route\\userRoute.js","statementMap":{"0":{"start":{"line":3,"column":0},"end":{"line":5,"column":3}},"1":{"start":{"line":7,"column":15},"end":{"line":7,"column":33}},"2":{"start":{"line":9,"column":16},"end":{"line":9,"column":48}},"3":{"start":{"line":11,"column":15},"end":{"line":11,"column":36}},"4":{"start":{"line":13,"column":16},"end":{"line":13,"column":48}},"5":{"start":{"line":15,"column":18},"end":{"line":15,"column":42}},"6":{"start":{"line":17,"column":39},"end":{"line":17,"column":93}},"7":{"start":{"line":19,"column":13},"end":{"line":19,"column":39}},"8":{"start":{"line":21,"column":0},"end":{"line":21,"column":85}},"9":{"start":{"line":22,"column":0},"end":{"line":22,"column":25}}},"fnMap":{"0":{"name":"_interopRequireDefault","decl":{"start":{"line":17,"column":9},"end":{"line":17,"column":31}},"loc":{"start":{"line":17,"column":37},"end":{"line":17,"column":95}},"line":17}},"branchMap":{"0":{"loc":{"start":{"line":17,"column":46},"end":{"line":17,"column":92}},"type":"cond-expr","locations":[{"start":{"line":17,"column":70},"end":{"line":17,"column":73}},{"start":{"line":17,"column":76},"end":{"line":17,"column":92}}],"line":17},"1":{"loc":{"start":{"line":17,"column":46},"end":{"line":17,"column":67}},"type":"binary-expr","locations":[{"start":{"line":17,"column":46},"end":{"line":17,"column":49}},{"start":{"line":17,"column":53},"end":{"line":17,"column":67}}],"line":17}},"s":{"0":1,"1":1,"2":1,"3":1,"4":1,"5":1,"6":2,"7":1,"8":1,"9":1},"f":{"0":2},"b":{"0":[1,1],"1":[2,2]},"_coverageSchema":"d34fc3e6b8297bcde183f5492bcb8fcb36775295","hash":"398f8d44886917e39fbc262c845580ef06269a29","contentHash":"7e9af73ca130126dc0ccc6f7bc8441c1"}}