TN:
SF:C:/Users/Kazom/Documents/andela-21/sweet-spicy/server/DatabaseConnection.js
FNF:0
FNH:0
DA:1,1
DA:10,1
DA:11,1
DA:12,1
DA:14,0
DA:22,0
DA:25,1
DA:26,1
DA:32,0
LF:9
LH:6
BRDA:12,0,0,0
BRDA:12,0,1,1
BRDA:25,1,0,1
BRDA:25,1,1,0
BRF:4
BRH:2
end_of_record
TN:
SF:C:/Users/Kazom/Documents/andela-21/sweet-spicy/server/Helpers.js
FN:12,Helpers
FN:20,(anonymous_10)
FN:126,(anonymous_14)
FN:143,(anonymous_16)
FN:144,(anonymous_17)
FN:161,(anonymous_19)
FN:162,(anonymous_20)
FN:164,(anonymous_21)
FN:175,(anonymous_22)
FN:186,(anonymous_23)
FN:201,(anonymous_25)
FN:202,(anonymous_26)
FNF:12
FNH:11
FNDA:1,Helpers
FNDA:242,(anonymous_10)
FNDA:33,(anonymous_14)
FNDA:212,(anonymous_16)
FNDA:212,(anonymous_17)
FNDA:212,(anonymous_19)
FNDA:212,(anonymous_20)
FNDA:49,(anonymous_21)
FNDA:163,(anonymous_22)
FNDA:0,(anonymous_23)
FNDA:17,(anonymous_25)
FNDA:17,(anonymous_26)
DA:1,1
DA:2,1
DA:3,1
DA:12,1
DA:13,1
DA:14,1
DA:15,1
DA:18,60
DA:20,60
DA:21,242
DA:22,98
DA:25,60
DA:28,0
DA:32,48
DA:33,0
DA:35,48
DA:36,48
DA:37,0
DA:39,48
DA:40,48
DA:41,158
DA:42,158
DA:43,678
DA:44,158
DA:48,158
DA:49,0
DA:52,48
DA:53,48
DA:55,0
DA:61,35
DA:63,35
DA:64,35
DA:65,145
DA:66,14
DA:67,0
DA:68,0
DA:69,0
DA:70,0
DA:74,145
DA:75,7
DA:76,0
DA:77,0
DA:78,0
DA:79,0
DA:81,145
DA:82,0
DA:83,0
DA:84,0
DA:85,0
DA:86,0
DA:89,145
DA:90,0
DA:91,0
DA:92,0
DA:93,0
DA:95,145
DA:97,17
DA:98,0
DA:99,0
DA:100,0
DA:101,0
DA:104,128
DA:105,0
DA:106,0
DA:107,0
DA:108,0
DA:111,35
DA:114,0
DA:118,39
DA:119,39
DA:121,39
DA:122,6
DA:125,33
DA:126,33
DA:127,33
DA:128,0
DA:132,33
DA:133,33
DA:143,212
DA:144,212
DA:145,212
DA:146,0
DA:148,212
DA:160,212
DA:161,212
DA:162,212
DA:163,212
DA:164,49
DA:165,49
DA:166,49
DA:167,0
DA:168,0
DA:170,49
DA:175,163
DA:176,163
DA:177,163
DA:178,0
DA:179,0
DA:181,163
DA:187,0
DA:200,17
DA:201,17
DA:202,17
DA:203,17
DA:204,0
DA:206,17
DA:213,2
DA:214,2
DA:215,2
DA:216,2
DA:218,0
DA:219,0
DA:220,0
LF:113
LH:71
BRDA:18,0,0,60
BRDA:18,0,1,0
BRDA:18,1,0,60
BRDA:18,1,1,60
BRDA:18,1,2,60
BRDA:18,1,3,60
BRDA:18,2,0,0
BRDA:18,2,1,60
BRDA:21,3,0,98
BRDA:21,3,1,144
BRDA:32,4,0,0
BRDA:32,4,1,48
BRDA:32,5,0,48
BRDA:32,5,1,0
BRDA:36,6,0,0
BRDA:36,6,1,48
BRDA:43,7,0,158
BRDA:43,7,1,520
BRDA:48,8,0,0
BRDA:48,8,1,158
BRDA:52,9,0,48
BRDA:52,9,1,0
BRDA:61,10,0,35
BRDA:61,10,1,0
BRDA:61,11,0,35
BRDA:61,11,1,35
BRDA:61,11,2,35
BRDA:61,11,3,35
BRDA:61,12,0,0
BRDA:61,12,1,35
BRDA:65,13,0,14
BRDA:65,13,1,131
BRDA:65,14,0,145
BRDA:65,14,1,138
BRDA:65,14,2,131
BRDA:66,15,0,0
BRDA:66,15,1,14
BRDA:66,16,0,14
BRDA:66,16,1,14
BRDA:66,16,2,14
BRDA:74,17,0,7
BRDA:74,17,1,138
BRDA:75,18,0,0
BRDA:75,18,1,7
BRDA:75,19,0,7
BRDA:75,19,1,7
BRDA:75,19,2,7
BRDA:75,19,3,7
BRDA:81,20,0,0
BRDA:81,20,1,145
BRDA:81,21,0,145
BRDA:81,21,1,73
BRDA:82,22,0,0
BRDA:82,22,1,0
BRDA:82,23,0,0
BRDA:82,23,1,0
BRDA:82,23,2,0
BRDA:89,24,0,0
BRDA:89,24,1,145
BRDA:89,25,0,145
BRDA:89,25,1,127
BRDA:89,25,2,36
BRDA:95,26,0,17
BRDA:95,26,1,128
BRDA:97,27,0,0
BRDA:97,27,1,17
BRDA:104,28,0,0
BRDA:104,28,1,128
BRDA:104,29,0,128
BRDA:104,29,1,128
BRDA:118,30,0,39
BRDA:118,30,1,0
BRDA:119,31,0,39
BRDA:119,31,1,39
BRDA:121,32,0,6
BRDA:121,32,1,33
BRDA:125,33,0,33
BRDA:125,33,1,0
BRDA:125,34,0,0
BRDA:125,34,1,33
BRDA:127,35,0,0
BRDA:127,35,1,33
BRDA:145,36,0,0
BRDA:145,36,1,212
BRDA:163,37,0,49
BRDA:163,37,1,163
BRDA:163,38,0,212
BRDA:163,38,1,49
BRDA:166,39,0,0
BRDA:166,39,1,49
BRDA:177,40,0,0
BRDA:177,40,1,163
BRDA:200,41,0,17
BRDA:200,41,1,0
BRDA:203,42,0,0
BRDA:203,42,1,17
BRDA:213,43,0,2
BRDA:213,43,1,0
BRF:98
BRH:68
end_of_record
TN:
SF:C:/Users/Kazom/Documents/andela-21/sweet-spicy/server/Orders.js
FNF:0
FNH:0
DA:1,1
LF:1
LH:1
BRF:0
BRH:0
end_of_record
TN:
SF:C:/Users/Kazom/Documents/andela-21/sweet-spicy/server/index.js
FN:29,(anonymous_1)
FN:34,(anonymous_2)
FNF:2
FNH:1
FNDA:0,(anonymous_1)
FNDA:1,(anonymous_2)
DA:1,1
DA:2,1
DA:3,1
DA:4,1
DA:5,1
DA:6,1
DA:7,1
DA:8,1
DA:9,1
DA:10,1
DA:11,1
DA:13,1
DA:14,1
DA:15,1
DA:16,1
DA:18,1
DA:19,1
DA:21,1
DA:22,1
DA:23,1
DA:24,1
DA:26,1
DA:27,1
DA:28,1
DA:29,1
DA:30,0
DA:34,1
LF:27
LH:26
BRDA:26,0,0,1
BRDA:26,0,1,0
BRF:2
BRH:1
end_of_record
TN:
SF:C:/Users/Kazom/Documents/andela-21/sweet-spicy/server/Controller/UploadHandler.js
FN:6,destination
FN:10,filename
FN:19,fileFilter
FN:25,checkFileType
FNF:4
FNH:0
FNDA:0,destination
FNDA:0,filename
FNDA:0,fileFilter
FNDA:0,checkFileType
DA:1,1
DA:2,1
DA:4,1
DA:5,1
DA:7,0
DA:8,0
DA:11,0
DA:12,0
DA:16,1
DA:20,0
DA:21,0
DA:24,1
DA:25,1
DA:26,0
DA:27,0
DA:28,0
DA:29,0
DA:30,0
DA:32,0
LF:19
LH:7
BRDA:24,0,0,0
BRDA:24,0,1,1
BRDA:29,1,0,0
BRDA:29,1,1,0
BRDA:29,2,0,0
BRDA:29,2,1,0
BRF:6
BRH:1
end_of_record
TN:
SF:C:/Users/Kazom/Documents/andela-21/sweet-spicy/server/Controller/addToMenu.js
FN:11,addToMenu
FN:13,(anonymous_2)
FN:30,uploadToDatabase
FN:39,(anonymous_4)
FN:40,(anonymous_5)
FN:48,destination
FN:51,filename
FN:63,fileFilter
FN:70,checkFileType
FNF:9
FNH:2
FNDA:2,addToMenu
FNDA:2,(anonymous_2)
FNDA:0,uploadToDatabase
FNDA:0,(anonymous_4)
FNDA:0,(anonymous_5)
FNDA:0,destination
FNDA:0,filename
FNDA:0,fileFilter
FNDA:0,checkFileType
DA:1,1
DA:2,1
DA:3,1
DA:4,1
DA:5,1
DA:11,1
DA:12,2
DA:13,2
DA:14,2
DA:15,2
DA:17,0
DA:30,1
DA:31,0
DA:32,0
DA:33,0
DA:35,0
DA:36,0
DA:37,0
DA:38,0
DA:39,0
DA:40,0
DA:47,1
DA:49,0
DA:52,0
DA:53,0
DA:60,1
DA:64,0
DA:70,1
DA:71,0
DA:72,0
DA:73,0
DA:74,0
DA:75,0
DA:77,0
LF:34
LH:14
BRDA:12,0,0,2
BRDA:12,0,1,0
BRDA:14,1,0,2
BRDA:14,1,1,0
BRDA:32,2,0,0
BRDA:32,2,1,0
BRDA:35,3,0,0
BRDA:35,3,1,0
BRDA:74,4,0,0
BRDA:74,4,1,0
BRDA:74,5,0,0
BRDA:74,5,1,0
BRF:12
BRH:2
end_of_record
TN:
SF:C:/Users/Kazom/Documents/andela-21/sweet-spicy/server/Controller/constants.js
FNF:0
FNH:0
DA:3,1
DA:4,1
DA:5,1
DA:6,1
DA:7,1
LF:5
LH:5
BRF:0
BRH:0
end_of_record
TN:
SF:C:/Users/Kazom/Documents/andela-21/sweet-spicy/server/Controller/createNewOrder.js
FN:5,createNewOrder
FN:9,(anonymous_4)
FN:10,(anonymous_5)
FN:32,setUpTable
FN:33,(anonymous_7)
FN:39,(anonymous_8)
FN:40,(anonymous_9)
FN:46,dropTable
FN:47,(anonymous_11)
FN:50,(anonymous_12)
FN:51,(anonymous_13)
FN:54,postOrder
FN:89,(anonymous_15)
FN:92,(anonymous_16)
FN:95,(anonymous_17)
FN:98,(anonymous_18)
FN:111,(anonymous_19)
FN:122,(anonymous_20)
FN:134,successMessage
FNF:19
FNH:13
FNDA:6,createNewOrder
FNDA:6,(anonymous_4)
FNDA:0,(anonymous_5)
FNDA:6,setUpTable
FNDA:6,(anonymous_7)
FNDA:6,(anonymous_8)
FNDA:0,(anonymous_9)
FNDA:6,dropTable
FNDA:6,(anonymous_11)
FNDA:6,(anonymous_12)
FNDA:0,(anonymous_13)
FNDA:6,postOrder
FNDA:6,(anonymous_15)
FNDA:6,(anonymous_16)
FNDA:6,(anonymous_17)
FNDA:0,(anonymous_18)
FNDA:0,(anonymous_19)
FNDA:0,(anonymous_20)
FNDA:6,successMessage
DA:1,1
DA:2,1
DA:4,1
DA:5,1
DA:6,6
DA:7,6
DA:8,6
DA:9,6
DA:11,0
DA:12,0
DA:13,0
DA:19,0
DA:22,0
DA:23,0
DA:24,0
DA:32,1
DA:33,6
DA:34,6
DA:38,6
DA:39,6
DA:40,0
DA:46,1
DA:47,6
DA:48,6
DA:49,6
DA:50,6
DA:51,0
DA:54,1
DA:55,6
DA:56,6
DA:57,0
DA:58,0
DA:59,0
DA:61,6
DA:62,6
DA:63,6
DA:64,6
DA:65,18
DA:66,18
DA:67,0
DA:68,0
DA:69,0
DA:72,18
DA:73,18
DA:74,18
DA:75,18
DA:77,0
DA:78,0
DA:79,0
DA:86,6
DA:87,6
DA:88,6
DA:90,6
DA:91,6
DA:93,6
DA:94,6
DA:96,6
DA:99,0
DA:100,0
DA:101,0
DA:107,0
DA:112,0
DA:113,0
DA:114,0
DA:123,0
DA:124,0
DA:125,0
DA:134,1
DA:135,6
DA:136,6
DA:137,6
LF:71
LH:43
BRDA:6,0,0,6
BRDA:6,0,1,0
BRDA:7,1,0,6
BRDA:7,1,1,0
BRDA:56,2,0,0
BRDA:56,2,1,6
BRDA:61,3,0,6
BRDA:61,3,1,0
BRDA:61,4,0,6
BRDA:61,4,1,6
BRDA:66,5,0,0
BRDA:66,5,1,18
BRDA:72,6,0,18
BRDA:72,6,1,0
BRDA:93,7,0,6
BRDA:93,7,1,0
BRF:16
BRH:9
end_of_record
TN:
SF:C:/Users/Kazom/Documents/andela-21/sweet-spicy/server/Controller/getAllOrders.js
FN:4,getAllOrders
FN:8,(anonymous_2)
FN:10,(anonymous_3)
FN:11,(anonymous_4)
FN:13,(anonymous_5)
FN:28,getOrders
FN:31,(anonymous_7)
FN:34,(anonymous_8)
FN:35,(anonymous_9)
FN:40,(anonymous_10)
FN:45,setUpTable
FN:46,(anonymous_12)
FN:52,(anonymous_13)
FN:53,(anonymous_14)
FN:58,successMessage
FN:67,insertToTable
FN:68,(anonymous_17)
FN:76,(anonymous_18)
FN:77,(anonymous_19)
FN:81,errorMessage
FN:90,dropTable
FN:91,(anonymous_22)
FN:94,(anonymous_23)
FN:95,(anonymous_24)
FNF:24
FNH:16
FNDA:6,getAllOrders
FNDA:6,(anonymous_2)
FNDA:6,(anonymous_3)
FNDA:0,(anonymous_4)
FNDA:0,(anonymous_5)
FNDA:6,getOrders
FNDA:6,(anonymous_7)
FNDA:6,(anonymous_8)
FNDA:0,(anonymous_9)
FNDA:0,(anonymous_10)
FNDA:6,setUpTable
FNDA:6,(anonymous_12)
FNDA:6,(anonymous_13)
FNDA:0,(anonymous_14)
FNDA:6,successMessage
FNDA:6,insertToTable
FNDA:6,(anonymous_17)
FNDA:6,(anonymous_18)
FNDA:0,(anonymous_19)
FNDA:0,errorMessage
FNDA:6,dropTable
FNDA:6,(anonymous_22)
FNDA:6,(anonymous_23)
FNDA:0,(anonymous_24)
DA:1,1
DA:2,1
DA:3,1
DA:4,1
DA:5,6
DA:6,6
DA:7,6
DA:9,6
DA:10,6
DA:11,0
DA:13,0
DA:15,0
DA:18,0
DA:19,0
DA:20,0
DA:28,1
DA:29,6
DA:30,6
DA:32,6
DA:33,6
DA:34,6
DA:35,0
DA:37,0
DA:41,0
DA:45,1
DA:46,6
DA:47,6
DA:51,6
DA:52,6
DA:53,0
DA:58,1
DA:59,6
DA:60,6
DA:61,6
DA:67,1
DA:68,6
DA:69,6
DA:75,6
DA:76,6
DA:77,0
DA:81,1
DA:82,0
DA:83,0
DA:84,0
DA:90,1
DA:91,6
DA:92,6
DA:93,6
DA:94,6
DA:95,0
LF:50
LH:35
BRDA:5,0,0,6
BRDA:5,0,1,0
BRDA:6,1,0,6
BRDA:6,1,1,0
BRDA:32,2,0,6
BRDA:32,2,1,0
BRF:6
BRH:3
end_of_record
TN:
SF:C:/Users/Kazom/Documents/andela-21/sweet-spicy/server/Controller/getAnOrder.js
FN:4,getAnOrder
FN:9,(anonymous_2)
FN:11,(anonymous_3)
FN:12,(anonymous_4)
FN:14,(anonymous_5)
FN:37,getOrders
FN:41,(anonymous_7)
FN:44,(anonymous_8)
FN:45,(anonymous_9)
FN:50,(anonymous_10)
FN:55,setUpTable
FN:56,(anonymous_12)
FN:62,(anonymous_13)
FN:63,(anonymous_14)
FN:68,successMessage
FN:77,insertToTable
FN:78,(anonymous_17)
FN:86,(anonymous_18)
FN:87,(anonymous_19)
FN:91,errorMessage
FN:100,dropTable
FN:101,(anonymous_22)
FN:104,(anonymous_23)
FN:105,(anonymous_24)
FNF:24
FNH:16
FNDA:6,getAnOrder
FNDA:6,(anonymous_2)
FNDA:6,(anonymous_3)
FNDA:0,(anonymous_4)
FNDA:0,(anonymous_5)
FNDA:6,getOrders
FNDA:6,(anonymous_7)
FNDA:6,(anonymous_8)
FNDA:0,(anonymous_9)
FNDA:0,(anonymous_10)
FNDA:6,setUpTable
FNDA:6,(anonymous_12)
FNDA:6,(anonymous_13)
FNDA:0,(anonymous_14)
FNDA:6,successMessage
FNDA:6,insertToTable
FNDA:6,(anonymous_17)
FNDA:6,(anonymous_18)
FNDA:0,(anonymous_19)
FNDA:0,errorMessage
FNDA:6,dropTable
FNDA:6,(anonymous_22)
FNDA:6,(anonymous_23)
FNDA:0,(anonymous_24)
DA:1,1
DA:2,1
DA:3,1
DA:4,1
DA:5,6
DA:6,6
DA:7,6
DA:8,6
DA:10,6
DA:11,6
DA:12,0
DA:14,0
DA:16,0
DA:19,0
DA:20,0
DA:21,0
DA:26,0
DA:27,0
DA:28,0
DA:37,1
DA:38,6
DA:39,6
DA:40,6
DA:42,6
DA:43,6
DA:44,6
DA:45,0
DA:47,0
DA:51,0
DA:55,1
DA:56,6
DA:57,6
DA:61,6
DA:62,6
DA:63,0
DA:68,1
DA:69,6
DA:70,6
DA:71,6
DA:77,1
DA:78,6
DA:79,6
DA:85,6
DA:86,6
DA:87,0
DA:91,1
DA:92,0
DA:93,0
DA:94,0
DA:100,1
DA:101,6
DA:102,6
DA:103,6
DA:104,6
DA:105,0
LF:55
LH:37
BRDA:5,0,0,6
BRDA:5,0,1,0
BRDA:6,1,0,6
BRDA:6,1,1,0
BRDA:7,2,0,6
BRDA:7,2,1,0
BRDA:42,3,0,6
BRDA:42,3,1,0
BRF:8
BRH:4
end_of_record
TN:
SF:C:/Users/Kazom/Documents/andela-21/sweet-spicy/server/Controller/getMenu.js
FN:4,getMenu
FN:7,(anonymous_2)
FN:15,(anonymous_3)
FNF:3
FNH:2
FNDA:6,getMenu
FNDA:6,(anonymous_2)
FNDA:0,(anonymous_3)
DA:1,1
DA:4,1
DA:5,6
DA:6,6
DA:8,6
DA:9,6
DA:10,6
DA:16,0
DA:17,0
DA:18,0
LF:10
LH:7
BRF:0
BRH:0
end_of_record
TN:
SF:C:/Users/Kazom/Documents/andela-21/sweet-spicy/server/Controller/getUserOrders.js
FN:3,getUserOrders
FN:8,(anonymous_2)
FN:10,(anonymous_3)
FN:13,(anonymous_4)
FN:17,(anonymous_5)
FN:45,setUpTable
FN:46,(anonymous_7)
FN:52,(anonymous_8)
FN:53,(anonymous_9)
FN:58,getUserOrder
FN:62,(anonymous_11)
FN:65,(anonymous_12)
FN:66,(anonymous_13)
FN:73,successMessage
FN:81,insertToTable
FN:82,(anonymous_16)
FN:90,(anonymous_17)
FN:91,(anonymous_18)
FN:95,errorMessage
FN:103,dropTable
FN:104,(anonymous_21)
FN:107,(anonymous_22)
FN:108,(anonymous_23)
FNF:23
FNH:16
FNDA:6,getUserOrders
FNDA:6,(anonymous_2)
FNDA:6,(anonymous_3)
FNDA:0,(anonymous_4)
FNDA:0,(anonymous_5)
FNDA:6,setUpTable
FNDA:6,(anonymous_7)
FNDA:6,(anonymous_8)
FNDA:0,(anonymous_9)
FNDA:6,getUserOrder
FNDA:6,(anonymous_11)
FNDA:6,(anonymous_12)
FNDA:0,(anonymous_13)
FNDA:6,successMessage
FNDA:6,insertToTable
FNDA:6,(anonymous_16)
FNDA:6,(anonymous_17)
FNDA:0,(anonymous_18)
FNDA:0,errorMessage
FNDA:6,dropTable
FNDA:6,(anonymous_21)
FNDA:6,(anonymous_22)
FNDA:0,(anonymous_23)
DA:1,1
DA:2,1
DA:3,1
DA:4,6
DA:5,6
DA:6,6
DA:7,6
DA:9,6
DA:11,6
DA:14,0
DA:18,0
DA:19,0
DA:20,0
DA:26,0
DA:30,0
DA:31,0
DA:32,0
DA:37,0
DA:38,0
DA:39,0
DA:45,1
DA:46,6
DA:47,6
DA:51,6
DA:52,6
DA:53,0
DA:58,1
DA:59,6
DA:60,6
DA:61,6
DA:63,6
DA:64,6
DA:65,6
DA:66,0
DA:68,0
DA:73,1
DA:74,6
DA:75,6
DA:76,6
DA:81,1
DA:82,6
DA:83,6
DA:89,6
DA:90,6
DA:91,0
DA:95,1
DA:96,0
DA:97,0
DA:98,0
DA:103,1
DA:104,6
DA:105,6
DA:106,6
DA:107,6
DA:108,0
LF:55
LH:36
BRDA:4,0,0,6
BRDA:4,0,1,0
BRDA:5,1,0,6
BRDA:5,1,1,0
BRDA:6,2,0,6
BRDA:6,2,1,0
BRDA:63,3,0,6
BRDA:63,3,1,0
BRF:8
BRH:4
end_of_record
TN:
SF:C:/Users/Kazom/Documents/andela-21/sweet-spicy/server/Controller/index.js
FN:1,(anonymous_0)
FN:2,(anonymous_2)
FN:3,(anonymous_4)
FN:4,(anonymous_6)
FN:5,(anonymous_8)
FN:6,(anonymous_10)
FN:7,(anonymous_12)
FN:8,(anonymous_14)
FN:9,(anonymous_16)
FN:10,(anonymous_18)
FN:11,(anonymous_20)
FNF:11
FNH:11
FNDA:2,(anonymous_0)
FNDA:2,(anonymous_2)
FNDA:2,(anonymous_4)
FNDA:2,(anonymous_6)
FNDA:2,(anonymous_8)
FNDA:2,(anonymous_10)
FNDA:2,(anonymous_12)
FNDA:2,(anonymous_14)
FNDA:143,(anonymous_16)
FNDA:2,(anonymous_18)
FNDA:2,(anonymous_20)
DA:1,4
DA:2,4
DA:3,4
DA:4,4
DA:5,4
DA:6,4
DA:7,4
DA:8,4
DA:9,149
DA:10,4
DA:11,5
LF:11
LH:11
BRDA:1,0,0,1
BRDA:1,0,1,2
BRDA:2,1,0,1
BRDA:2,1,1,2
BRDA:3,2,0,1
BRDA:3,2,1,2
BRDA:4,3,0,1
BRDA:4,3,1,2
BRDA:5,4,0,1
BRDA:5,4,1,2
BRDA:6,5,0,1
BRDA:6,5,1,2
BRDA:7,6,0,1
BRDA:7,6,1,2
BRDA:8,7,0,1
BRDA:8,7,1,2
BRDA:9,8,0,5
BRDA:9,8,1,10
BRDA:10,9,0,1
BRDA:10,9,1,2
BRDA:11,10,0,2
BRDA:11,10,1,4
BRF:22
BRH:22
end_of_record
TN:
SF:C:/Users/Kazom/Documents/andela-21/sweet-spicy/server/Controller/loginUser.js
FN:4,loginUser
FN:7,(anonymous_2)
FN:8,(anonymous_3)
FN:13,logUserIn
FN:21,(anonymous_5)
FN:25,(anonymous_6)
FN:28,(anonymous_7)
FN:29,(anonymous_8)
FN:34,(anonymous_9)
FN:45,(anonymous_10)
FN:50,setUpdatabase
FN:51,(anonymous_12)
FN:54,(anonymous_13)
FN:63,(anonymous_14)
FN:64,(anonymous_15)
FN:66,(anonymous_16)
FN:71,dropTable
FN:72,(anonymous_18)
FN:75,(anonymous_19)
FN:76,(anonymous_20)
FN:80,outputMessage
FNF:21
FNH:14
FNDA:10,loginUser
FNDA:10,(anonymous_2)
FNDA:0,(anonymous_3)
FNDA:10,logUserIn
FNDA:10,(anonymous_5)
FNDA:10,(anonymous_6)
FNDA:10,(anonymous_7)
FNDA:0,(anonymous_8)
FNDA:0,(anonymous_9)
FNDA:0,(anonymous_10)
FNDA:10,setUpdatabase
FNDA:10,(anonymous_12)
FNDA:10,(anonymous_13)
FNDA:10,(anonymous_14)
FNDA:0,(anonymous_15)
FNDA:0,(anonymous_16)
FNDA:10,dropTable
FNDA:10,(anonymous_18)
FNDA:10,(anonymous_19)
FNDA:0,(anonymous_20)
FNDA:10,outputMessage
DA:1,1
DA:2,1
DA:3,1
DA:4,1
DA:5,10
DA:6,10
DA:7,10
DA:8,0
DA:10,0
DA:13,1
DA:14,10
DA:15,10
DA:16,0
DA:18,10
DA:19,10
DA:20,10
DA:22,10
DA:23,10
DA:24,10
DA:26,10
DA:27,10
DA:28,10
DA:29,0
DA:31,0
DA:35,0
DA:39,0
DA:42,0
DA:46,0
DA:50,1
DA:51,10
DA:52,10
DA:53,10
DA:55,10
DA:62,10
DA:63,10
DA:64,0
DA:66,0
DA:71,1
DA:72,10
DA:73,10
DA:74,10
DA:75,10
DA:76,0
DA:80,1
DA:81,10
DA:82,10
DA:83,10
LF:47
LH:35
BRDA:5,0,0,10
BRDA:5,0,1,0
BRDA:15,1,0,0
BRDA:15,1,1,10
BRDA:18,2,0,10
BRDA:18,2,1,0
BRDA:22,3,0,10
BRDA:22,3,1,0
BRDA:23,4,0,10
BRDA:23,4,1,0
BRDA:26,5,0,10
BRDA:26,5,1,0
BRF:12
BRH:6
end_of_record
TN:
SF:C:/Users/Kazom/Documents/andela-21/sweet-spicy/server/Controller/signUp.js
FN:5,signUp
FN:9,(anonymous_2)
FN:10,(anonymous_3)
FN:18,signUserUp
FN:27,(anonymous_5)
FN:32,(anonymous_6)
FN:33,(anonymous_7)
FN:42,(anonymous_8)
FN:45,(anonymous_9)
FN:47,(anonymous_10)
FN:51,(anonymous_11)
FN:62,(anonymous_12)
FN:78,(anonymous_13)
FN:82,(anonymous_14)
FN:86,(anonymous_15)
FN:91,(anonymous_16)
FNF:16
FNH:8
FNDA:7,signUp
FNDA:7,(anonymous_2)
FNDA:0,(anonymous_3)
FNDA:7,signUserUp
FNDA:7,(anonymous_5)
FNDA:0,(anonymous_6)
FNDA:0,(anonymous_7)
FNDA:7,(anonymous_8)
FNDA:7,(anonymous_9)
FNDA:7,(anonymous_10)
FNDA:7,(anonymous_11)
FNDA:0,(anonymous_12)
FNDA:0,(anonymous_13)
FNDA:0,(anonymous_14)
FNDA:0,(anonymous_15)
FNDA:0,(anonymous_16)
DA:1,1
DA:2,1
DA:3,1
DA:4,1
DA:5,1
DA:6,7
DA:7,7
DA:8,7
DA:9,7
DA:10,0
DA:12,0
DA:18,1
DA:19,7
DA:20,7
DA:21,0
DA:23,7
DA:24,7
DA:25,7
DA:26,7
DA:28,7
DA:29,0
DA:30,0
DA:31,0
DA:32,0
DA:33,0
DA:35,0
DA:40,7
DA:41,7
DA:43,7
DA:44,7
DA:46,7
DA:48,7
DA:49,7
DA:50,7
DA:52,7
DA:53,7
DA:54,7
DA:62,0
DA:64,0
DA:65,0
DA:66,0
DA:79,0
DA:83,0
DA:87,0
DA:92,0
LF:45
LH:28
BRDA:6,0,0,7
BRDA:6,0,1,0
BRDA:20,1,0,0
BRDA:20,1,1,7
BRDA:23,2,0,7
BRDA:23,2,1,0
BRDA:28,3,0,0
BRDA:28,3,1,7
BRDA:29,4,0,0
BRDA:29,4,1,0
BRDA:48,5,0,7
BRDA:48,5,1,0
BRF:12
BRH:5
end_of_record
TN:
SF:C:/Users/Kazom/Documents/andela-21/sweet-spicy/server/Controller/updateOrder.js
FN:4,updateOrder
FN:9,(anonymous_2)
FN:11,(anonymous_3)
FN:12,(anonymous_4)
FN:14,(anonymous_5)
FN:36,updateOrderById
FN:57,runUpdate
FN:60,(anonymous_8)
FN:63,(anonymous_9)
FN:66,(anonymous_10)
FN:67,(anonymous_11)
FN:72,(anonymous_12)
FN:74,(anonymous_13)
FN:76,setUpTable
FN:77,(anonymous_15)
FN:83,(anonymous_16)
FN:84,(anonymous_17)
FN:89,successMessage
FN:98,insertToTable
FN:99,(anonymous_20)
FN:107,(anonymous_21)
FN:108,(anonymous_22)
FN:112,errorMessage
FN:121,dropTable
FN:122,(anonymous_25)
FN:125,(anonymous_26)
FN:126,(anonymous_27)
FNF:27
FNH:18
FNDA:7,updateOrder
FNDA:7,(anonymous_2)
FNDA:7,(anonymous_3)
FNDA:0,(anonymous_4)
FNDA:0,(anonymous_5)
FNDA:7,updateOrderById
FNDA:7,runUpdate
FNDA:7,(anonymous_8)
FNDA:7,(anonymous_9)
FNDA:7,(anonymous_10)
FNDA:0,(anonymous_11)
FNDA:0,(anonymous_12)
FNDA:0,(anonymous_13)
FNDA:7,setUpTable
FNDA:7,(anonymous_15)
FNDA:7,(anonymous_16)
FNDA:0,(anonymous_17)
FNDA:7,successMessage
FNDA:7,insertToTable
FNDA:7,(anonymous_20)
FNDA:7,(anonymous_21)
FNDA:0,(anonymous_22)
FNDA:0,errorMessage
FNDA:7,dropTable
FNDA:7,(anonymous_25)
FNDA:7,(anonymous_26)
FNDA:0,(anonymous_27)
DA:1,1
DA:2,1
DA:4,1
DA:5,7
DA:6,7
DA:7,7
DA:8,7
DA:10,7
DA:11,7
DA:12,0
DA:14,0
DA:16,0
DA:19,0
DA:20,0
DA:21,0
DA:26,0
DA:27,0
DA:28,0
DA:36,1
DA:37,7
DA:38,7
DA:39,7
DA:40,0
DA:42,7
DA:44,7
DA:45,7
DA:47,0
DA:48,0
DA:50,0
DA:51,0
DA:53,0
DA:57,1
DA:58,7
DA:59,7
DA:61,7
DA:62,7
DA:64,7
DA:65,7
DA:66,7
DA:67,0
DA:69,0
DA:72,0
DA:74,0
DA:76,1
DA:77,7
DA:78,7
DA:82,7
DA:83,7
DA:84,0
DA:89,1
DA:90,7
DA:91,7
DA:92,7
DA:98,1
DA:99,7
DA:100,7
DA:106,7
DA:107,7
DA:108,0
DA:112,1
DA:113,0
DA:114,0
DA:115,0
DA:121,1
DA:122,7
DA:123,7
DA:124,7
DA:125,7
DA:126,0
LF:69
LH:44
BRDA:5,0,0,7
BRDA:5,0,1,0
BRDA:6,1,0,7
BRDA:6,1,1,0
BRDA:7,2,0,7
BRDA:7,2,1,0
BRDA:39,3,0,0
BRDA:39,3,1,7
BRDA:43,4,0,7
BRDA:43,4,1,0
BRDA:43,4,2,0
BRDA:43,4,3,0
BRDA:64,5,0,7
BRDA:64,5,1,0
BRF:14
BRH:6
end_of_record
TN:
SF:C:/Users/Kazom/Documents/andela-21/sweet-spicy/server/route/auth.js
FNF:0
FNH:0
DA:1,1
DA:2,1
DA:4,1
DA:6,1
DA:7,1
LF:5
LH:5
BRF:0
BRH:0
end_of_record
TN:
SF:C:/Users/Kazom/Documents/andela-21/sweet-spicy/server/route/index.js
FN:84,(anonymous_1)
FN:88,(anonymous_2)
FNF:2
FNH:0
FNDA:0,(anonymous_1)
FNDA:0,(anonymous_2)
DA:1,1
DA:2,1
DA:3,1
DA:5,1
DA:84,1
DA:85,0
DA:88,1
DA:89,0
DA:90,0
DA:91,0
LF:10
LH:6
BRF:0
BRH:0
end_of_record
TN:
SF:C:/Users/Kazom/Documents/andela-21/sweet-spicy/server/route/menuRoute.js
FNF:0
FNH:0
DA:1,1
DA:2,1
DA:3,1
DA:5,1
DA:7,1
DA:8,1
LF:6
LH:6
BRF:0
BRH:0
end_of_record
TN:
SF:C:/Users/Kazom/Documents/andela-21/sweet-spicy/server/route/orders.js
FNF:0
FNH:0
DA:1,1
DA:2,1
DA:3,1
DA:4,1
DA:6,1
DA:7,1
DA:8,1
DA:9,1
LF:8
LH:8
BRF:0
BRH:0
end_of_record
TN:
SF:C:/Users/Kazom/Documents/andela-21/sweet-spicy/server/route/userRoute.js
FNF:0
FNH:0
DA:1,1
DA:2,1
DA:3,1
DA:5,1
DA:7,1
LF:5
LH:5
BRF:0
BRH:0
end_of_record
TN:
SF:C:/Users/Kazom/Documents/andela-21/sweet-spicy/server/test/test.js
FN:69,(anonymous_1)
FN:70,(anonymous_2)
FN:72,(anonymous_3)
FN:73,(anonymous_4)
FN:79,(anonymous_5)
FN:80,(anonymous_6)
FN:85,(anonymous_7)
FN:86,(anonymous_8)
FN:91,(anonymous_9)
FN:92,(anonymous_10)
FN:97,(anonymous_11)
FN:98,(anonymous_12)
FN:103,(anonymous_13)
FN:104,(anonymous_14)
FN:109,(anonymous_15)
FN:110,(anonymous_16)
FN:117,(anonymous_17)
FN:119,(anonymous_18)
FN:120,(anonymous_19)
FN:125,(anonymous_20)
FN:126,(anonymous_21)
FN:131,(anonymous_22)
FN:132,(anonymous_23)
FN:138,(anonymous_24)
FN:140,(anonymous_25)
FN:141,(anonymous_26)
FN:146,(anonymous_27)
FN:147,(anonymous_28)
FN:152,(anonymous_29)
FN:153,(anonymous_30)
FN:159,(anonymous_31)
FN:161,(anonymous_32)
FN:162,(anonymous_33)
FN:167,(anonymous_34)
FN:168,(anonymous_35)
FN:173,(anonymous_36)
FN:174,(anonymous_37)
FN:179,(anonymous_38)
FN:180,(anonymous_39)
FN:185,(anonymous_40)
FN:186,(anonymous_41)
FN:191,(anonymous_42)
FN:192,(anonymous_43)
FN:197,(anonymous_44)
FN:198,(anonymous_45)
FN:203,(anonymous_46)
FN:204,(anonymous_47)
FN:209,(anonymous_48)
FN:210,(anonymous_49)
FN:215,(anonymous_50)
FN:216,(anonymous_51)
FN:222,(anonymous_52)
FN:224,(anonymous_53)
FN:225,(anonymous_54)
FN:230,(anonymous_55)
FN:231,(anonymous_56)
FN:237,(anonymous_57)
FN:238,(anonymous_58)
FN:244,(anonymous_59)
FN:245,(anonymous_60)
FN:250,(anonymous_61)
FN:251,(anonymous_62)
FN:256,(anonymous_63)
FN:257,(anonymous_64)
FN:262,(anonymous_65)
FN:263,(anonymous_66)
FN:269,(anonymous_67)
FN:271,(anonymous_68)
FN:272,(anonymous_69)
FN:277,(anonymous_70)
FN:278,(anonymous_71)
FN:283,(anonymous_72)
FN:284,(anonymous_73)
FN:289,(anonymous_74)
FN:290,(anonymous_75)
FN:296,(anonymous_76)
FN:297,(anonymous_77)
FN:302,(anonymous_78)
FN:303,(anonymous_79)
FN:309,(anonymous_80)
FN:311,(anonymous_81)
FN:312,(anonymous_82)
FN:317,(anonymous_83)
FN:318,(anonymous_84)
FN:323,(anonymous_85)
FN:324,(anonymous_86)
FN:329,(anonymous_87)
FN:330,(anonymous_88)
FN:336,(anonymous_89)
FN:337,(anonymous_90)
FN:342,(anonymous_91)
FN:343,(anonymous_92)
FN:349,(anonymous_93)
FN:351,(anonymous_94)
FN:352,(anonymous_95)
FN:357,(anonymous_96)
FN:358,(anonymous_97)
FN:363,(anonymous_98)
FN:364,(anonymous_99)
FN:369,(anonymous_100)
FN:370,(anonymous_101)
FN:376,(anonymous_102)
FN:377,(anonymous_103)
FN:382,(anonymous_104)
FN:383,(anonymous_105)
FN:389,(anonymous_106)
FN:391,(anonymous_107)
FN:392,(anonymous_108)
FN:397,(anonymous_109)
FN:398,(anonymous_110)
FN:403,(anonymous_111)
FN:404,(anonymous_112)
FN:409,(anonymous_113)
FN:410,(anonymous_114)
FN:416,(anonymous_115)
FN:417,(anonymous_116)
FN:422,(anonymous_117)
FN:423,(anonymous_118)
FN:429,(anonymous_119)
FN:431,(anonymous_120)
FN:432,(anonymous_121)
FN:437,(anonymous_122)
FN:438,(anonymous_123)
FN:443,(anonymous_124)
FN:444,(anonymous_125)
FN:449,(anonymous_126)
FN:450,(anonymous_127)
FN:456,(anonymous_128)
FN:457,(anonymous_129)
FN:462,(anonymous_130)
FN:463,(anonymous_131)
FN:469,(anonymous_132)
FN:472,(anonymous_133)
FN:476,(anonymous_134)
FN:481,(anonymous_135)
FN:485,(anonymous_136)
FNF:136
FNH:136
FNDA:1,(anonymous_1)
FNDA:1,(anonymous_2)
FNDA:1,(anonymous_3)
FNDA:1,(anonymous_4)
FNDA:1,(anonymous_5)
FNDA:1,(anonymous_6)
FNDA:1,(anonymous_7)
FNDA:1,(anonymous_8)
FNDA:1,(anonymous_9)
FNDA:1,(anonymous_10)
FNDA:1,(anonymous_11)
FNDA:1,(anonymous_12)
FNDA:1,(anonymous_13)
FNDA:1,(anonymous_14)
FNDA:1,(anonymous_15)
FNDA:1,(anonymous_16)
FNDA:1,(anonymous_17)
FNDA:1,(anonymous_18)
FNDA:1,(anonymous_19)
FNDA:1,(anonymous_20)
FNDA:1,(anonymous_21)
FNDA:1,(anonymous_22)
FNDA:1,(anonymous_23)
FNDA:1,(anonymous_24)
FNDA:1,(anonymous_25)
FNDA:1,(anonymous_26)
FNDA:1,(anonymous_27)
FNDA:1,(anonymous_28)
FNDA:1,(anonymous_29)
FNDA:1,(anonymous_30)
FNDA:1,(anonymous_31)
FNDA:1,(anonymous_32)
FNDA:1,(anonymous_33)
FNDA:1,(anonymous_34)
FNDA:1,(anonymous_35)
FNDA:1,(anonymous_36)
FNDA:1,(anonymous_37)
FNDA:1,(anonymous_38)
FNDA:1,(anonymous_39)
FNDA:1,(anonymous_40)
FNDA:1,(anonymous_41)
FNDA:1,(anonymous_42)
FNDA:1,(anonymous_43)
FNDA:1,(anonymous_44)
FNDA:1,(anonymous_45)
FNDA:1,(anonymous_46)
FNDA:1,(anonymous_47)
FNDA:1,(anonymous_48)
FNDA:1,(anonymous_49)
FNDA:1,(anonymous_50)
FNDA:1,(anonymous_51)
FNDA:1,(anonymous_52)
FNDA:1,(anonymous_53)
FNDA:1,(anonymous_54)
FNDA:1,(anonymous_55)
FNDA:1,(anonymous_56)
FNDA:1,(anonymous_57)
FNDA:1,(anonymous_58)
FNDA:1,(anonymous_59)
FNDA:1,(anonymous_60)
FNDA:1,(anonymous_61)
FNDA:1,(anonymous_62)
FNDA:1,(anonymous_63)
FNDA:1,(anonymous_64)
FNDA:1,(anonymous_65)
FNDA:1,(anonymous_66)
FNDA:1,(anonymous_67)
FNDA:1,(anonymous_68)
FNDA:1,(anonymous_69)
FNDA:1,(anonymous_70)
FNDA:1,(anonymous_71)
FNDA:1,(anonymous_72)
FNDA:1,(anonymous_73)
FNDA:1,(anonymous_74)
FNDA:1,(anonymous_75)
FNDA:1,(anonymous_76)
FNDA:1,(anonymous_77)
FNDA:1,(anonymous_78)
FNDA:1,(anonymous_79)
FNDA:1,(anonymous_80)
FNDA:1,(anonymous_81)
FNDA:1,(anonymous_82)
FNDA:1,(anonymous_83)
FNDA:1,(anonymous_84)
FNDA:1,(anonymous_85)
FNDA:1,(anonymous_86)
FNDA:1,(anonymous_87)
FNDA:1,(anonymous_88)
FNDA:1,(anonymous_89)
FNDA:1,(anonymous_90)
FNDA:1,(anonymous_91)
FNDA:1,(anonymous_92)
FNDA:1,(anonymous_93)
FNDA:1,(anonymous_94)
FNDA:1,(anonymous_95)
FNDA:1,(anonymous_96)
FNDA:1,(anonymous_97)
FNDA:1,(anonymous_98)
FNDA:1,(anonymous_99)
FNDA:1,(anonymous_100)
FNDA:1,(anonymous_101)
FNDA:1,(anonymous_102)
FNDA:1,(anonymous_103)
FNDA:1,(anonymous_104)
FNDA:1,(anonymous_105)
FNDA:1,(anonymous_106)
FNDA:1,(anonymous_107)
FNDA:1,(anonymous_108)
FNDA:1,(anonymous_109)
FNDA:1,(anonymous_110)
FNDA:1,(anonymous_111)
FNDA:1,(anonymous_112)
FNDA:1,(anonymous_113)
FNDA:1,(anonymous_114)
FNDA:1,(anonymous_115)
FNDA:1,(anonymous_116)
FNDA:1,(anonymous_117)
FNDA:1,(anonymous_118)
FNDA:1,(anonymous_119)
FNDA:1,(anonymous_120)
FNDA:1,(anonymous_121)
FNDA:1,(anonymous_122)
FNDA:1,(anonymous_123)
FNDA:1,(anonymous_124)
FNDA:1,(anonymous_125)
FNDA:1,(anonymous_126)
FNDA:1,(anonymous_127)
FNDA:1,(anonymous_128)
FNDA:1,(anonymous_129)
FNDA:1,(anonymous_130)
FNDA:1,(anonymous_131)
FNDA:1,(anonymous_132)
FNDA:1,(anonymous_133)
FNDA:1,(anonymous_134)
FNDA:1,(anonymous_135)
FNDA:1,(anonymous_136)
DA:1,1
DA:2,1
DA:3,1
DA:4,1
DA:5,1
DA:6,1
DA:7,1
DA:8,1
DA:9,1
DA:11,1
DA:13,1
DA:17,1
DA:20,1
DA:48,1
DA:61,1
DA:68,1
DA:69,1
DA:70,1
DA:71,1
DA:72,1
DA:73,1
DA:75,1
DA:76,1
DA:79,1
DA:80,1
DA:81,1
DA:82,1
DA:85,1
DA:86,1
DA:87,1
DA:88,1
DA:91,1
DA:92,1
DA:93,1
DA:94,1
DA:97,1
DA:98,1
DA:99,1
DA:100,1
DA:103,1
DA:104,1
DA:105,1
DA:106,1
DA:109,1
DA:110,1
DA:112,1
DA:113,1
DA:117,1
DA:118,1
DA:119,1
DA:120,1
DA:121,1
DA:122,1
DA:125,1
DA:126,1
DA:127,1
DA:128,1
DA:131,1
DA:132,1
DA:133,1
DA:134,1
DA:138,1
DA:139,1
DA:140,1
DA:141,1
DA:142,1
DA:143,1
DA:146,1
DA:147,1
DA:148,1
DA:149,1
DA:152,1
DA:153,1
DA:154,1
DA:155,1
DA:159,1
DA:160,1
DA:161,1
DA:162,1
DA:163,1
DA:164,1
DA:167,1
DA:168,1
DA:169,1
DA:170,1
DA:173,1
DA:174,1
DA:175,1
DA:176,1
DA:179,1
DA:180,1
DA:181,1
DA:182,1
DA:185,1
DA:186,1
DA:187,1
DA:188,1
DA:191,1
DA:192,1
DA:193,1
DA:194,1
DA:197,1
DA:198,1
DA:199,1
DA:200,1
DA:203,1
DA:204,1
DA:205,1
DA:206,1
DA:209,1
DA:210,1
DA:211,1
DA:212,1
DA:215,1
DA:216,1
DA:217,1
DA:218,1
DA:222,1
DA:223,1
DA:224,1
DA:225,1
DA:226,1
DA:227,1
DA:230,1
DA:231,1
DA:232,1
DA:233,1
DA:237,1
DA:238,1
DA:240,1
DA:241,1
DA:244,1
DA:245,1
DA:246,1
DA:247,1
DA:250,1
DA:251,1
DA:252,1
DA:253,1
DA:256,1
DA:257,1
DA:258,1
DA:259,1
DA:262,1
DA:263,1
DA:264,1
DA:265,1
DA:269,1
DA:270,1
DA:271,1
DA:272,1
DA:273,1
DA:274,1
DA:277,1
DA:278,1
DA:279,1
DA:280,1
DA:283,1
DA:284,1
DA:285,1
DA:286,1
DA:289,1
DA:290,1
DA:292,1
DA:293,1
DA:296,1
DA:297,1
DA:298,1
DA:299,1
DA:302,1
DA:303,1
DA:304,1
DA:305,1
DA:309,1
DA:310,1
DA:311,1
DA:312,1
DA:313,1
DA:314,1
DA:317,1
DA:318,1
DA:319,1
DA:320,1
DA:323,1
DA:324,1
DA:325,1
DA:326,1
DA:329,1
DA:330,1
DA:332,1
DA:333,1
DA:336,1
DA:337,1
DA:338,1
DA:339,1
DA:342,1
DA:343,1
DA:344,1
DA:345,1
DA:349,1
DA:350,1
DA:351,1
DA:352,1
DA:353,1
DA:354,1
DA:357,1
DA:358,1
DA:359,1
DA:360,1
DA:363,1
DA:364,1
DA:365,1
DA:366,1
DA:369,1
DA:370,1
DA:372,1
DA:373,1
DA:376,1
DA:377,1
DA:378,1
DA:379,1
DA:382,1
DA:383,1
DA:384,1
DA:385,1
DA:389,1
DA:390,1
DA:391,1
DA:392,1
DA:393,1
DA:394,1
DA:397,1
DA:398,1
DA:399,1
DA:400,1
DA:403,1
DA:404,1
DA:405,1
DA:406,1
DA:409,1
DA:410,1
DA:412,1
DA:413,1
DA:416,1
DA:417,1
DA:418,1
DA:419,1
DA:422,1
DA:423,1
DA:424,1
DA:425,1
DA:429,1
DA:430,1
DA:431,1
DA:432,1
DA:433,1
DA:434,1
DA:437,1
DA:438,1
DA:439,1
DA:440,1
DA:443,1
DA:444,1
DA:445,1
DA:446,1
DA:449,1
DA:450,1
DA:452,1
DA:453,1
DA:456,1
DA:457,1
DA:458,1
DA:459,1
DA:462,1
DA:463,1
DA:464,1
DA:465,1
DA:469,1
DA:470,1
DA:472,1
DA:473,1
DA:477,1
DA:478,1
DA:481,1
DA:482,1
DA:486,1
DA:487,1
LF:287
LH:287
BRF:0
BRH:0
end_of_record
